[2025-07-27T23:20:58.489+0000] {taskinstance.py:1171} INFO - Dependencies all met for <TaskInstance: NBAPlayer_Preference_DAG.post_to_elasticsearch_task manual__2025-07-27T23:20:52.707458+00:00 [queued]>
[2025-07-27T23:20:58.499+0000] {taskinstance.py:1171} INFO - Dependencies all met for <TaskInstance: NBAPlayer_Preference_DAG.post_to_elasticsearch_task manual__2025-07-27T23:20:52.707458+00:00 [queued]>
[2025-07-27T23:20:58.500+0000] {taskinstance.py:1368} INFO - 
--------------------------------------------------------------------------------
[2025-07-27T23:20:58.500+0000] {taskinstance.py:1369} INFO - Starting attempt 1 of 2
[2025-07-27T23:20:58.500+0000] {taskinstance.py:1370} INFO - 
--------------------------------------------------------------------------------
[2025-07-27T23:20:58.511+0000] {taskinstance.py:1389} INFO - Executing <Task(PythonOperator): post_to_elasticsearch_task> on 2025-07-27 23:20:52.707458+00:00
[2025-07-27T23:20:58.540+0000] {standard_task_runner.py:52} INFO - Started process 430 to run task
[2025-07-27T23:20:58.546+0000] {standard_task_runner.py:79} INFO - Running: ['***', 'tasks', 'run', 'NBAPlayer_Preference_DAG', 'post_to_elasticsearch_task', 'manual__2025-07-27T23:20:52.707458+00:00', '--job-id', '36', '--raw', '--subdir', 'DAGS_FOLDER/NBAPlayer_Preference_DAG.py', '--cfg-path', '/tmp/tmp8w9al0_h', '--error-file', '/tmp/tmp8euryo5g']
[2025-07-27T23:20:58.548+0000] {standard_task_runner.py:80} INFO - Job 36: Subtask post_to_elasticsearch_task
[2025-07-27T23:20:58.615+0000] {task_command.py:371} INFO - Running <TaskInstance: NBAPlayer_Preference_DAG.post_to_elasticsearch_task manual__2025-07-27T23:20:52.707458+00:00 [running]> on host f8899ad4c8bd
[2025-07-27T23:20:58.668+0000] {taskinstance.py:1583} INFO - Exporting the following env vars:
AIRFLOW_CTX_DAG_OWNER=***
AIRFLOW_CTX_DAG_ID=NBAPlayer_Preference_DAG
AIRFLOW_CTX_TASK_ID=post_to_elasticsearch_task
AIRFLOW_CTX_EXECUTION_DATE=2025-07-27T23:20:52.707458+00:00
AIRFLOW_CTX_TRY_NUMBER=1
AIRFLOW_CTX_DAG_RUN_ID=manual__2025-07-27T23:20:52.707458+00:00
[2025-07-27T23:20:58.691+0000] {base.py:271} INFO - HEAD http://elasticsearch:9200/ [status:200 request:0.011s]
[2025-07-27T23:20:59.867+0000] {base.py:271} INFO - POST http://elasticsearch:9200/_bulk [status:200 request:0.069s]
[2025-07-27T23:20:59.899+0000] {base.py:271} INFO - POST http://elasticsearch:9200/_bulk [status:200 request:0.024s]
[2025-07-27T23:20:59.936+0000] {base.py:271} INFO - POST http://elasticsearch:9200/_bulk [status:200 request:0.028s]
[2025-07-27T23:20:59.966+0000] {base.py:271} INFO - POST http://elasticsearch:9200/_bulk [status:200 request:0.023s]
[2025-07-27T23:21:00.004+0000] {base.py:271} INFO - POST http://elasticsearch:9200/_bulk [status:200 request:0.030s]
[2025-07-27T23:21:00.038+0000] {base.py:271} INFO - POST http://elasticsearch:9200/_bulk [status:200 request:0.022s]
[2025-07-27T23:21:00.080+0000] {base.py:271} INFO - POST http://elasticsearch:9200/_bulk [status:200 request:0.033s]
[2025-07-27T23:21:00.119+0000] {base.py:271} INFO - POST http://elasticsearch:9200/_bulk [status:200 request:0.030s]
[2025-07-27T23:21:00.464+0000] {base.py:271} INFO - POST http://elasticsearch:9200/_bulk [status:200 request:0.032s]
[2025-07-27T23:21:00.526+0000] {base.py:271} INFO - POST http://elasticsearch:9200/_bulk [status:200 request:0.052s]
[2025-07-27T23:21:00.558+0000] {base.py:271} INFO - POST http://elasticsearch:9200/_bulk [status:200 request:0.023s]
[2025-07-27T23:21:00.646+0000] {base.py:271} INFO - POST http://elasticsearch:9200/_bulk [status:200 request:0.061s]
[2025-07-27T23:21:00.677+0000] {base.py:271} INFO - POST http://elasticsearch:9200/_bulk [status:200 request:0.022s]
[2025-07-27T23:21:00.706+0000] {base.py:271} INFO - POST http://elasticsearch:9200/_bulk [status:200 request:0.020s]
[2025-07-27T23:21:00.740+0000] {base.py:271} INFO - POST http://elasticsearch:9200/_bulk [status:200 request:0.026s]
[2025-07-27T23:21:00.769+0000] {base.py:271} INFO - POST http://elasticsearch:9200/_bulk [status:200 request:0.020s]
[2025-07-27T23:21:00.806+0000] {base.py:271} INFO - POST http://elasticsearch:9200/_bulk [status:200 request:0.025s]
[2025-07-27T23:21:00.847+0000] {base.py:271} INFO - POST http://elasticsearch:9200/_bulk [status:200 request:0.032s]
[2025-07-27T23:21:00.878+0000] {base.py:271} INFO - POST http://elasticsearch:9200/_bulk [status:200 request:0.018s]
[2025-07-27T23:21:00.909+0000] {base.py:271} INFO - POST http://elasticsearch:9200/_bulk [status:200 request:0.023s]
[2025-07-27T23:21:00.941+0000] {base.py:271} INFO - POST http://elasticsearch:9200/_bulk [status:200 request:0.022s]
[2025-07-27T23:21:00.973+0000] {base.py:271} INFO - POST http://elasticsearch:9200/_bulk [status:200 request:0.023s]
[2025-07-27T23:21:01.008+0000] {base.py:271} INFO - POST http://elasticsearch:9200/_bulk [status:200 request:0.024s]
[2025-07-27T23:21:01.049+0000] {base.py:271} INFO - POST http://elasticsearch:9200/_bulk [status:200 request:0.028s]
[2025-07-27T23:21:01.078+0000] {base.py:271} INFO - POST http://elasticsearch:9200/_bulk [status:200 request:0.019s]
[2025-07-27T23:21:01.111+0000] {base.py:271} INFO - POST http://elasticsearch:9200/_bulk [status:200 request:0.025s]
[2025-07-27T23:21:01.144+0000] {base.py:271} INFO - POST http://elasticsearch:9200/_bulk [status:200 request:0.024s]
[2025-07-27T23:21:01.176+0000] {base.py:271} INFO - POST http://elasticsearch:9200/_bulk [status:200 request:0.020s]
[2025-07-27T23:21:01.254+0000] {base.py:271} INFO - POST http://elasticsearch:9200/_bulk [status:200 request:0.042s]
[2025-07-27T23:21:01.265+0000] {base.py:271} INFO - POST http://elasticsearch:9200/_bulk [status:200 request:0.006s]
[2025-07-27T23:21:01.266+0000] {logging_mixin.py:115} INFO - 14573 data berhasil dimasukkan ke Elasticsearch
[2025-07-27T23:21:01.287+0000] {python.py:173} INFO - Done. Returned value was: None
[2025-07-27T23:21:01.327+0000] {taskinstance.py:1412} INFO - Marking task as SUCCESS. dag_id=NBAPlayer_Preference_DAG, task_id=post_to_elasticsearch_task, execution_date=20250727T232052, start_date=20250727T232058, end_date=20250727T232101
[2025-07-27T23:21:01.400+0000] {local_task_job.py:156} INFO - Task exited with return code 0
[2025-07-27T23:21:01.459+0000] {local_task_job.py:279} INFO - 0 downstream tasks scheduled from follow-on schedule check
