[2025-07-27T23:06:13.068+0000] {taskinstance.py:1171} INFO - Dependencies all met for <TaskInstance: NBAPlayer_Preference_DAG.post_to_elasticsearch_task scheduled__2025-07-26T09:20:00+00:00 [queued]>
[2025-07-27T23:06:13.077+0000] {taskinstance.py:1171} INFO - Dependencies all met for <TaskInstance: NBAPlayer_Preference_DAG.post_to_elasticsearch_task scheduled__2025-07-26T09:20:00+00:00 [queued]>
[2025-07-27T23:06:13.078+0000] {taskinstance.py:1368} INFO - 
--------------------------------------------------------------------------------
[2025-07-27T23:06:13.078+0000] {taskinstance.py:1369} INFO - Starting attempt 1 of 2
[2025-07-27T23:06:13.078+0000] {taskinstance.py:1370} INFO - 
--------------------------------------------------------------------------------
[2025-07-27T23:06:13.088+0000] {taskinstance.py:1389} INFO - Executing <Task(PythonOperator): post_to_elasticsearch_task> on 2025-07-26 09:20:00+00:00
[2025-07-27T23:06:13.091+0000] {standard_task_runner.py:52} INFO - Started process 211 to run task
[2025-07-27T23:06:13.094+0000] {standard_task_runner.py:79} INFO - Running: ['***', 'tasks', 'run', 'NBAPlayer_Preference_DAG', 'post_to_elasticsearch_task', 'scheduled__2025-07-26T09:20:00+00:00', '--job-id', '20', '--raw', '--subdir', 'DAGS_FOLDER/NBAPlayer_Preference_DAG.py', '--cfg-path', '/tmp/tmpvvqx8bjq', '--error-file', '/tmp/tmpl0ntb0ia']
[2025-07-27T23:06:13.095+0000] {standard_task_runner.py:80} INFO - Job 20: Subtask post_to_elasticsearch_task
[2025-07-27T23:06:13.104+0000] {logging_mixin.py:115} WARNING - /home/***/.local/lib/python3.7/site-packages/***/configuration.py:538 DeprecationWarning: The sql_alchemy_conn option in [core] has been moved to the sql_alchemy_conn option in [database] - the old setting has been used, but please update your config.
[2025-07-27T23:06:13.135+0000] {task_command.py:371} INFO - Running <TaskInstance: NBAPlayer_Preference_DAG.post_to_elasticsearch_task scheduled__2025-07-26T09:20:00+00:00 [running]> on host f8899ad4c8bd
[2025-07-27T23:06:13.187+0000] {taskinstance.py:1583} INFO - Exporting the following env vars:
AIRFLOW_CTX_DAG_OWNER=***
AIRFLOW_CTX_DAG_ID=NBAPlayer_Preference_DAG
AIRFLOW_CTX_TASK_ID=post_to_elasticsearch_task
AIRFLOW_CTX_EXECUTION_DATE=2025-07-26T09:20:00+00:00
AIRFLOW_CTX_TRY_NUMBER=1
AIRFLOW_CTX_DAG_RUN_ID=scheduled__2025-07-26T09:20:00+00:00
[2025-07-27T23:06:13.224+0000] {base.py:271} INFO - HEAD http://elasticsearch:9200/ [status:200 request:0.021s]
[2025-07-27T23:06:14.688+0000] {base.py:271} INFO - POST http://elasticsearch:9200/_bulk [status:200 request:0.391s]
[2025-07-27T23:06:14.793+0000] {base.py:271} INFO - POST http://elasticsearch:9200/_bulk [status:200 request:0.093s]
[2025-07-27T23:06:14.951+0000] {base.py:271} INFO - POST http://elasticsearch:9200/_bulk [status:200 request:0.145s]
[2025-07-27T23:06:15.071+0000] {base.py:271} INFO - POST http://elasticsearch:9200/_bulk [status:200 request:0.100s]
[2025-07-27T23:06:15.171+0000] {base.py:271} INFO - POST http://elasticsearch:9200/_bulk [status:200 request:0.091s]
[2025-07-27T23:06:15.241+0000] {base.py:271} INFO - POST http://elasticsearch:9200/_bulk [status:200 request:0.059s]
[2025-07-27T23:06:15.308+0000] {base.py:271} INFO - POST http://elasticsearch:9200/_bulk [status:200 request:0.057s]
[2025-07-27T23:06:15.368+0000] {base.py:271} INFO - POST http://elasticsearch:9200/_bulk [status:200 request:0.048s]
[2025-07-27T23:06:15.842+0000] {base.py:271} INFO - POST http://elasticsearch:9200/_bulk [status:200 request:0.066s]
[2025-07-27T23:06:15.936+0000] {base.py:271} INFO - POST http://elasticsearch:9200/_bulk [status:200 request:0.081s]
[2025-07-27T23:06:16.014+0000] {base.py:271} INFO - POST http://elasticsearch:9200/_bulk [status:200 request:0.067s]
[2025-07-27T23:06:16.084+0000] {base.py:271} INFO - POST http://elasticsearch:9200/_bulk [status:200 request:0.061s]
[2025-07-27T23:06:16.181+0000] {base.py:271} INFO - POST http://elasticsearch:9200/_bulk [status:200 request:0.082s]
[2025-07-27T23:06:16.265+0000] {base.py:271} INFO - POST http://elasticsearch:9200/_bulk [status:200 request:0.069s]
[2025-07-27T23:06:16.399+0000] {base.py:271} INFO - POST http://elasticsearch:9200/_bulk [status:200 request:0.117s]
[2025-07-27T23:06:16.465+0000] {base.py:271} INFO - POST http://elasticsearch:9200/_bulk [status:200 request:0.053s]
[2025-07-27T23:06:16.536+0000] {base.py:271} INFO - POST http://elasticsearch:9200/_bulk [status:200 request:0.060s]
[2025-07-27T23:06:16.611+0000] {base.py:271} INFO - POST http://elasticsearch:9200/_bulk [status:200 request:0.059s]
[2025-07-27T23:06:16.676+0000] {base.py:271} INFO - POST http://elasticsearch:9200/_bulk [status:200 request:0.054s]
[2025-07-27T23:06:16.743+0000] {base.py:271} INFO - POST http://elasticsearch:9200/_bulk [status:200 request:0.053s]
[2025-07-27T23:06:16.803+0000] {base.py:271} INFO - POST http://elasticsearch:9200/_bulk [status:200 request:0.047s]
[2025-07-27T23:06:16.840+0000] {base.py:271} INFO - POST http://elasticsearch:9200/_bulk [status:200 request:0.028s]
[2025-07-27T23:06:16.881+0000] {base.py:271} INFO - POST http://elasticsearch:9200/_bulk [status:200 request:0.031s]
[2025-07-27T23:06:16.927+0000] {base.py:271} INFO - POST http://elasticsearch:9200/_bulk [status:200 request:0.033s]
[2025-07-27T23:06:16.970+0000] {base.py:271} INFO - POST http://elasticsearch:9200/_bulk [status:200 request:0.034s]
[2025-07-27T23:06:17.036+0000] {base.py:271} INFO - POST http://elasticsearch:9200/_bulk [status:200 request:0.053s]
[2025-07-27T23:06:17.086+0000] {base.py:271} INFO - POST http://elasticsearch:9200/_bulk [status:200 request:0.039s]
[2025-07-27T23:06:17.137+0000] {base.py:271} INFO - POST http://elasticsearch:9200/_bulk [status:200 request:0.041s]
[2025-07-27T23:06:17.188+0000] {base.py:271} INFO - POST http://elasticsearch:9200/_bulk [status:200 request:0.041s]
[2025-07-27T23:06:17.199+0000] {base.py:271} INFO - POST http://elasticsearch:9200/_bulk [status:200 request:0.008s]
[2025-07-27T23:06:17.199+0000] {logging_mixin.py:115} INFO - 14573 data berhasil dimasukkan ke Elasticsearch
[2025-07-27T23:06:17.235+0000] {python.py:173} INFO - Done. Returned value was: None
[2025-07-27T23:06:17.276+0000] {taskinstance.py:1412} INFO - Marking task as SUCCESS. dag_id=NBAPlayer_Preference_DAG, task_id=post_to_elasticsearch_task, execution_date=20250726T092000, start_date=20250727T230613, end_date=20250727T230617
[2025-07-27T23:06:17.346+0000] {local_task_job.py:156} INFO - Task exited with return code 0
[2025-07-27T23:06:17.401+0000] {local_task_job.py:279} INFO - 0 downstream tasks scheduled from follow-on schedule check
[2025-07-27T23:15:07.373+0000] {taskinstance.py:1171} INFO - Dependencies all met for <TaskInstance: NBAPlayer_Preference_DAG.post_to_elasticsearch_task scheduled__2025-07-26T09:20:00+00:00 [queued]>
[2025-07-27T23:15:07.394+0000] {taskinstance.py:1171} INFO - Dependencies all met for <TaskInstance: NBAPlayer_Preference_DAG.post_to_elasticsearch_task scheduled__2025-07-26T09:20:00+00:00 [queued]>
[2025-07-27T23:15:07.394+0000] {taskinstance.py:1368} INFO - 
--------------------------------------------------------------------------------
[2025-07-27T23:15:07.395+0000] {taskinstance.py:1369} INFO - Starting attempt 1 of 2
[2025-07-27T23:15:07.395+0000] {taskinstance.py:1370} INFO - 
--------------------------------------------------------------------------------
[2025-07-27T23:15:07.415+0000] {taskinstance.py:1389} INFO - Executing <Task(PythonOperator): post_to_elasticsearch_task> on 2025-07-26 09:20:00+00:00
[2025-07-27T23:15:07.426+0000] {standard_task_runner.py:52} INFO - Started process 345 to run task
[2025-07-27T23:15:07.432+0000] {standard_task_runner.py:79} INFO - Running: ['***', 'tasks', 'run', 'NBAPlayer_Preference_DAG', 'post_to_elasticsearch_task', 'scheduled__2025-07-26T09:20:00+00:00', '--job-id', '29', '--raw', '--subdir', 'DAGS_FOLDER/NBAPlayer_Preference_DAG.py', '--cfg-path', '/tmp/tmprgxtch6s', '--error-file', '/tmp/tmpyddxbw5_']
[2025-07-27T23:15:07.433+0000] {standard_task_runner.py:80} INFO - Job 29: Subtask post_to_elasticsearch_task
[2025-07-27T23:15:07.450+0000] {logging_mixin.py:115} WARNING - /home/***/.local/lib/python3.7/site-packages/***/configuration.py:538 DeprecationWarning: The sql_alchemy_conn option in [core] has been moved to the sql_alchemy_conn option in [database] - the old setting has been used, but please update your config.
[2025-07-27T23:15:07.483+0000] {task_command.py:371} INFO - Running <TaskInstance: NBAPlayer_Preference_DAG.post_to_elasticsearch_task scheduled__2025-07-26T09:20:00+00:00 [running]> on host f8899ad4c8bd
[2025-07-27T23:15:07.526+0000] {taskinstance.py:1583} INFO - Exporting the following env vars:
AIRFLOW_CTX_DAG_OWNER=***
AIRFLOW_CTX_DAG_ID=NBAPlayer_Preference_DAG
AIRFLOW_CTX_TASK_ID=post_to_elasticsearch_task
AIRFLOW_CTX_EXECUTION_DATE=2025-07-26T09:20:00+00:00
AIRFLOW_CTX_TRY_NUMBER=1
AIRFLOW_CTX_DAG_RUN_ID=scheduled__2025-07-26T09:20:00+00:00
[2025-07-27T23:15:07.540+0000] {base.py:271} INFO - HEAD http://elasticsearch:9200/ [status:200 request:0.003s]
[2025-07-27T23:15:08.873+0000] {base.py:271} INFO - POST http://elasticsearch:9200/_bulk [status:200 request:0.090s]
[2025-07-27T23:15:08.974+0000] {base.py:271} INFO - POST http://elasticsearch:9200/_bulk [status:200 request:0.090s]
[2025-07-27T23:15:09.051+0000] {base.py:271} INFO - POST http://elasticsearch:9200/_bulk [status:200 request:0.059s]
[2025-07-27T23:15:09.101+0000] {base.py:271} INFO - POST http://elasticsearch:9200/_bulk [status:200 request:0.040s]
[2025-07-27T23:15:09.150+0000] {base.py:271} INFO - POST http://elasticsearch:9200/_bulk [status:200 request:0.037s]
[2025-07-27T23:15:09.213+0000] {base.py:271} INFO - POST http://elasticsearch:9200/_bulk [status:200 request:0.054s]
[2025-07-27T23:15:09.266+0000] {base.py:271} INFO - POST http://elasticsearch:9200/_bulk [status:200 request:0.040s]
[2025-07-27T23:15:09.341+0000] {base.py:271} INFO - POST http://elasticsearch:9200/_bulk [status:200 request:0.065s]
[2025-07-27T23:15:09.882+0000] {base.py:271} INFO - POST http://elasticsearch:9200/_bulk [status:200 request:0.062s]
[2025-07-27T23:15:09.939+0000] {base.py:271} INFO - POST http://elasticsearch:9200/_bulk [status:200 request:0.039s]
[2025-07-27T23:15:10.097+0000] {base.py:271} INFO - POST http://elasticsearch:9200/_bulk [status:200 request:0.143s]
[2025-07-27T23:15:10.137+0000] {base.py:271} INFO - POST http://elasticsearch:9200/_bulk [status:200 request:0.028s]
[2025-07-27T23:15:10.165+0000] {base.py:271} INFO - POST http://elasticsearch:9200/_bulk [status:200 request:0.018s]
[2025-07-27T23:15:10.200+0000] {base.py:271} INFO - POST http://elasticsearch:9200/_bulk [status:200 request:0.021s]
[2025-07-27T23:15:10.230+0000] {base.py:271} INFO - POST http://elasticsearch:9200/_bulk [status:200 request:0.020s]
[2025-07-27T23:15:10.264+0000] {base.py:271} INFO - POST http://elasticsearch:9200/_bulk [status:200 request:0.020s]
[2025-07-27T23:15:10.297+0000] {base.py:271} INFO - POST http://elasticsearch:9200/_bulk [status:200 request:0.020s]
[2025-07-27T23:15:10.361+0000] {base.py:271} INFO - POST http://elasticsearch:9200/_bulk [status:200 request:0.051s]
[2025-07-27T23:15:10.402+0000] {base.py:271} INFO - POST http://elasticsearch:9200/_bulk [status:200 request:0.026s]
[2025-07-27T23:15:10.453+0000] {base.py:271} INFO - POST http://elasticsearch:9200/_bulk [status:200 request:0.042s]
[2025-07-27T23:15:10.555+0000] {base.py:271} INFO - POST http://elasticsearch:9200/_bulk [status:200 request:0.044s]
[2025-07-27T23:15:10.589+0000] {base.py:271} INFO - POST http://elasticsearch:9200/_bulk [status:200 request:0.024s]
[2025-07-27T23:15:10.616+0000] {base.py:271} INFO - POST http://elasticsearch:9200/_bulk [status:200 request:0.017s]
[2025-07-27T23:15:10.664+0000] {base.py:271} INFO - POST http://elasticsearch:9200/_bulk [status:200 request:0.029s]
[2025-07-27T23:15:10.709+0000] {base.py:271} INFO - POST http://elasticsearch:9200/_bulk [status:200 request:0.030s]
[2025-07-27T23:15:10.751+0000] {base.py:271} INFO - POST http://elasticsearch:9200/_bulk [status:200 request:0.030s]
[2025-07-27T23:15:10.804+0000] {base.py:271} INFO - POST http://elasticsearch:9200/_bulk [status:200 request:0.036s]
[2025-07-27T23:15:10.843+0000] {base.py:271} INFO - POST http://elasticsearch:9200/_bulk [status:200 request:0.028s]
[2025-07-27T23:15:10.903+0000] {base.py:271} INFO - POST http://elasticsearch:9200/_bulk [status:200 request:0.048s]
[2025-07-27T23:15:10.959+0000] {base.py:271} INFO - POST http://elasticsearch:9200/_bulk [status:200 request:0.043s]
[2025-07-27T23:15:10.962+0000] {logging_mixin.py:115} INFO - 14573 data berhasil dimasukkan ke Elasticsearch
[2025-07-27T23:15:11.018+0000] {python.py:173} INFO - Done. Returned value was: None
[2025-07-27T23:15:11.075+0000] {taskinstance.py:1412} INFO - Marking task as SUCCESS. dag_id=NBAPlayer_Preference_DAG, task_id=post_to_elasticsearch_task, execution_date=20250726T092000, start_date=20250727T231507, end_date=20250727T231511
[2025-07-27T23:15:11.117+0000] {local_task_job.py:156} INFO - Task exited with return code 0
[2025-07-27T23:15:11.203+0000] {local_task_job.py:279} INFO - 0 downstream tasks scheduled from follow-on schedule check
