[2025-07-27T23:23:14.851+0000] {taskinstance.py:1171} INFO - Dependencies all met for <TaskInstance: NBAPlayer_Preference_DAG.data_preprocessing_task manual__2025-07-27T23:23:11.803654+00:00 [queued]>
[2025-07-27T23:23:14.856+0000] {taskinstance.py:1171} INFO - Dependencies all met for <TaskInstance: NBAPlayer_Preference_DAG.data_preprocessing_task manual__2025-07-27T23:23:11.803654+00:00 [queued]>
[2025-07-27T23:23:14.856+0000] {taskinstance.py:1368} INFO - 
--------------------------------------------------------------------------------
[2025-07-27T23:23:14.856+0000] {taskinstance.py:1369} INFO - Starting attempt 1 of 2
[2025-07-27T23:23:14.856+0000] {taskinstance.py:1370} INFO - 
--------------------------------------------------------------------------------
[2025-07-27T23:23:14.862+0000] {taskinstance.py:1389} INFO - Executing <Task(PythonOperator): data_preprocessing_task> on 2025-07-27 23:23:11.803654+00:00
[2025-07-27T23:23:14.868+0000] {standard_task_runner.py:52} INFO - Started process 466 to run task
[2025-07-27T23:23:14.871+0000] {standard_task_runner.py:79} INFO - Running: ['***', 'tasks', 'run', 'NBAPlayer_Preference_DAG', 'data_preprocessing_task', 'manual__2025-07-27T23:23:11.803654+00:00', '--job-id', '38', '--raw', '--subdir', 'DAGS_FOLDER/NBAPlayer_Preference_DAG.py', '--cfg-path', '/tmp/tmpsq16134o', '--error-file', '/tmp/tmpymhdi9g7']
[2025-07-27T23:23:14.872+0000] {standard_task_runner.py:80} INFO - Job 38: Subtask data_preprocessing_task
[2025-07-27T23:23:14.917+0000] {task_command.py:371} INFO - Running <TaskInstance: NBAPlayer_Preference_DAG.data_preprocessing_task manual__2025-07-27T23:23:11.803654+00:00 [running]> on host f8899ad4c8bd
[2025-07-27T23:23:14.960+0000] {taskinstance.py:1583} INFO - Exporting the following env vars:
AIRFLOW_CTX_DAG_OWNER=***
AIRFLOW_CTX_DAG_ID=NBAPlayer_Preference_DAG
AIRFLOW_CTX_TASK_ID=data_preprocessing_task
AIRFLOW_CTX_EXECUTION_DATE=2025-07-27T23:23:11.803654+00:00
AIRFLOW_CTX_TRY_NUMBER=1
AIRFLOW_CTX_DAG_RUN_ID=manual__2025-07-27T23:23:11.803654+00:00
[2025-07-27T23:23:15.247+0000] {logging_mixin.py:115} INFO - Jumlah data setelah hapus duplikat: 14573
[2025-07-27T23:23:15.250+0000] {logging_mixin.py:115} INFO - Jumlah nilai hilang sebelum diisi: 3277
[2025-07-27T23:23:15.255+0000] {logging_mixin.py:115} INFO - Jumlah nilai hilang setelah diisi: 0
[2025-07-27T23:23:15.392+0000] {logging_mixin.py:115} INFO - Kolom main_pose berhasil dibuat dengan posisi utama dari kolom pos
[2025-07-27T23:23:15.395+0000] {logging_mixin.py:115} INFO - Kolom ID unik berhasil dibuat dari gabungan player, team, dan year
[2025-07-27T23:23:15.562+0000] {logging_mixin.py:115} INFO - Data yang sudah dibersihkan berhasil disimpan ke /opt/***/Data_Clean/NBAPlayer_Preference_data_clean.csv
[2025-07-27T23:23:15.585+0000] {python.py:173} INFO - Done. Returned value was: None
[2025-07-27T23:23:15.603+0000] {taskinstance.py:1412} INFO - Marking task as SUCCESS. dag_id=NBAPlayer_Preference_DAG, task_id=data_preprocessing_task, execution_date=20250727T232311, start_date=20250727T232314, end_date=20250727T232315
[2025-07-27T23:23:15.662+0000] {local_task_job.py:156} INFO - Task exited with return code 0
[2025-07-27T23:23:15.701+0000] {local_task_job.py:279} INFO - 1 downstream tasks scheduled from follow-on schedule check
