[2025-07-27T23:06:11.052+0000] {taskinstance.py:1171} INFO - Dependencies all met for <TaskInstance: NBAPlayer_Preference_DAG.data_preprocessing_task scheduled__2025-07-26T09:20:00+00:00 [queued]>
[2025-07-27T23:06:11.057+0000] {taskinstance.py:1171} INFO - Dependencies all met for <TaskInstance: NBAPlayer_Preference_DAG.data_preprocessing_task scheduled__2025-07-26T09:20:00+00:00 [queued]>
[2025-07-27T23:06:11.058+0000] {taskinstance.py:1368} INFO - 
--------------------------------------------------------------------------------
[2025-07-27T23:06:11.058+0000] {taskinstance.py:1369} INFO - Starting attempt 1 of 2
[2025-07-27T23:06:11.058+0000] {taskinstance.py:1370} INFO - 
--------------------------------------------------------------------------------
[2025-07-27T23:06:11.070+0000] {taskinstance.py:1389} INFO - Executing <Task(PythonOperator): data_preprocessing_task> on 2025-07-26 09:20:00+00:00
[2025-07-27T23:06:11.078+0000] {standard_task_runner.py:52} INFO - Started process 205 to run task
[2025-07-27T23:06:11.082+0000] {standard_task_runner.py:79} INFO - Running: ['***', 'tasks', 'run', 'NBAPlayer_Preference_DAG', 'data_preprocessing_task', 'scheduled__2025-07-26T09:20:00+00:00', '--job-id', '19', '--raw', '--subdir', 'DAGS_FOLDER/NBAPlayer_Preference_DAG.py', '--cfg-path', '/tmp/tmpw30klyff', '--error-file', '/tmp/tmpkibiix8w']
[2025-07-27T23:06:11.085+0000] {standard_task_runner.py:80} INFO - Job 19: Subtask data_preprocessing_task
[2025-07-27T23:06:11.097+0000] {logging_mixin.py:115} WARNING - /home/***/.local/lib/python3.7/site-packages/***/configuration.py:538 DeprecationWarning: The sql_alchemy_conn option in [core] has been moved to the sql_alchemy_conn option in [database] - the old setting has been used, but please update your config.
[2025-07-27T23:06:11.140+0000] {task_command.py:371} INFO - Running <TaskInstance: NBAPlayer_Preference_DAG.data_preprocessing_task scheduled__2025-07-26T09:20:00+00:00 [running]> on host f8899ad4c8bd
[2025-07-27T23:06:11.192+0000] {taskinstance.py:1583} INFO - Exporting the following env vars:
AIRFLOW_CTX_DAG_OWNER=***
AIRFLOW_CTX_DAG_ID=NBAPlayer_Preference_DAG
AIRFLOW_CTX_TASK_ID=data_preprocessing_task
AIRFLOW_CTX_EXECUTION_DATE=2025-07-26T09:20:00+00:00
AIRFLOW_CTX_TRY_NUMBER=1
AIRFLOW_CTX_DAG_RUN_ID=scheduled__2025-07-26T09:20:00+00:00
[2025-07-27T23:06:11.570+0000] {logging_mixin.py:115} INFO - Jumlah data setelah hapus duplikat: 14573
[2025-07-27T23:06:11.575+0000] {logging_mixin.py:115} INFO - Jumlah nilai hilang sebelum diisi: 3277
[2025-07-27T23:06:11.580+0000] {logging_mixin.py:115} INFO - Jumlah nilai hilang setelah diisi: 0
[2025-07-27T23:06:11.820+0000] {logging_mixin.py:115} INFO - Kolom main_pose berhasil dibuat dengan posisi utama dari kolom pos
[2025-07-27T23:06:11.824+0000] {logging_mixin.py:115} INFO - Kolom ID unik berhasil dibuat dari gabungan player, team, dan year
[2025-07-27T23:06:11.957+0000] {logging_mixin.py:115} INFO - Data yang sudah dibersihkan berhasil disimpan ke /opt/***/Data_Clean/NBAPlayer_Preference_data_clean.csv
[2025-07-27T23:06:11.982+0000] {python.py:173} INFO - Done. Returned value was: None
[2025-07-27T23:06:11.992+0000] {taskinstance.py:1412} INFO - Marking task as SUCCESS. dag_id=NBAPlayer_Preference_DAG, task_id=data_preprocessing_task, execution_date=20250726T092000, start_date=20250727T230611, end_date=20250727T230611
[2025-07-27T23:06:12.014+0000] {local_task_job.py:156} INFO - Task exited with return code 0
[2025-07-27T23:06:12.046+0000] {local_task_job.py:279} INFO - 1 downstream tasks scheduled from follow-on schedule check
[2025-07-27T23:15:05.046+0000] {taskinstance.py:1171} INFO - Dependencies all met for <TaskInstance: NBAPlayer_Preference_DAG.data_preprocessing_task scheduled__2025-07-26T09:20:00+00:00 [queued]>
[2025-07-27T23:15:05.052+0000] {taskinstance.py:1171} INFO - Dependencies all met for <TaskInstance: NBAPlayer_Preference_DAG.data_preprocessing_task scheduled__2025-07-26T09:20:00+00:00 [queued]>
[2025-07-27T23:15:05.052+0000] {taskinstance.py:1368} INFO - 
--------------------------------------------------------------------------------
[2025-07-27T23:15:05.052+0000] {taskinstance.py:1369} INFO - Starting attempt 1 of 2
[2025-07-27T23:15:05.052+0000] {taskinstance.py:1370} INFO - 
--------------------------------------------------------------------------------
[2025-07-27T23:15:05.060+0000] {taskinstance.py:1389} INFO - Executing <Task(PythonOperator): data_preprocessing_task> on 2025-07-26 09:20:00+00:00
[2025-07-27T23:15:05.068+0000] {standard_task_runner.py:52} INFO - Started process 339 to run task
[2025-07-27T23:15:05.074+0000] {standard_task_runner.py:79} INFO - Running: ['***', 'tasks', 'run', 'NBAPlayer_Preference_DAG', 'data_preprocessing_task', 'scheduled__2025-07-26T09:20:00+00:00', '--job-id', '27', '--raw', '--subdir', 'DAGS_FOLDER/NBAPlayer_Preference_DAG.py', '--cfg-path', '/tmp/tmpdmqtr1qy', '--error-file', '/tmp/tmp_rhrgod8']
[2025-07-27T23:15:05.077+0000] {standard_task_runner.py:80} INFO - Job 27: Subtask data_preprocessing_task
[2025-07-27T23:15:05.100+0000] {logging_mixin.py:115} WARNING - /home/***/.local/lib/python3.7/site-packages/***/configuration.py:538 DeprecationWarning: The sql_alchemy_conn option in [core] has been moved to the sql_alchemy_conn option in [database] - the old setting has been used, but please update your config.
[2025-07-27T23:15:05.161+0000] {task_command.py:371} INFO - Running <TaskInstance: NBAPlayer_Preference_DAG.data_preprocessing_task scheduled__2025-07-26T09:20:00+00:00 [running]> on host f8899ad4c8bd
[2025-07-27T23:15:05.234+0000] {taskinstance.py:1583} INFO - Exporting the following env vars:
AIRFLOW_CTX_DAG_OWNER=***
AIRFLOW_CTX_DAG_ID=NBAPlayer_Preference_DAG
AIRFLOW_CTX_TASK_ID=data_preprocessing_task
AIRFLOW_CTX_EXECUTION_DATE=2025-07-26T09:20:00+00:00
AIRFLOW_CTX_TRY_NUMBER=1
AIRFLOW_CTX_DAG_RUN_ID=scheduled__2025-07-26T09:20:00+00:00
[2025-07-27T23:15:05.592+0000] {logging_mixin.py:115} INFO - Jumlah data setelah hapus duplikat: 14573
[2025-07-27T23:15:05.599+0000] {logging_mixin.py:115} INFO - Jumlah nilai hilang sebelum diisi: 3277
[2025-07-27T23:15:05.606+0000] {logging_mixin.py:115} INFO - Jumlah nilai hilang setelah diisi: 0
[2025-07-27T23:15:05.870+0000] {logging_mixin.py:115} INFO - Kolom main_pose berhasil dibuat dengan posisi utama dari kolom pos
[2025-07-27T23:15:05.875+0000] {logging_mixin.py:115} INFO - Kolom ID unik berhasil dibuat dari gabungan player, team, dan year
[2025-07-27T23:15:06.028+0000] {logging_mixin.py:115} INFO - Data yang sudah dibersihkan berhasil disimpan ke /opt/***/Data_Clean/NBAPlayer_Preference_data_clean.csv
[2025-07-27T23:15:06.064+0000] {python.py:173} INFO - Done. Returned value was: None
[2025-07-27T23:15:06.081+0000] {taskinstance.py:1412} INFO - Marking task as SUCCESS. dag_id=NBAPlayer_Preference_DAG, task_id=data_preprocessing_task, execution_date=20250726T092000, start_date=20250727T231505, end_date=20250727T231506
[2025-07-27T23:15:06.116+0000] {local_task_job.py:156} INFO - Task exited with return code 0
[2025-07-27T23:15:06.179+0000] {local_task_job.py:279} INFO - 1 downstream tasks scheduled from follow-on schedule check
