[2025-07-27T23:15:07.382+0000] {taskinstance.py:1171} INFO - Dependencies all met for <TaskInstance: NBAPlayer_Preference_DAG.post_to_elasticsearch_task manual__2025-07-27T23:15:00.892547+00:00 [queued]>
[2025-07-27T23:15:07.404+0000] {taskinstance.py:1171} INFO - Dependencies all met for <TaskInstance: NBAPlayer_Preference_DAG.post_to_elasticsearch_task manual__2025-07-27T23:15:00.892547+00:00 [queued]>
[2025-07-27T23:15:07.404+0000] {taskinstance.py:1368} INFO - 
--------------------------------------------------------------------------------
[2025-07-27T23:15:07.405+0000] {taskinstance.py:1369} INFO - Starting attempt 1 of 2
[2025-07-27T23:15:07.406+0000] {taskinstance.py:1370} INFO - 
--------------------------------------------------------------------------------
[2025-07-27T23:15:07.419+0000] {taskinstance.py:1389} INFO - Executing <Task(PythonOperator): post_to_elasticsearch_task> on 2025-07-27 23:15:00.892547+00:00
[2025-07-27T23:15:07.426+0000] {standard_task_runner.py:52} INFO - Started process 346 to run task
[2025-07-27T23:15:07.429+0000] {standard_task_runner.py:79} INFO - Running: ['***', 'tasks', 'run', 'NBAPlayer_Preference_DAG', 'post_to_elasticsearch_task', 'manual__2025-07-27T23:15:00.892547+00:00', '--job-id', '30', '--raw', '--subdir', 'DAGS_FOLDER/NBAPlayer_Preference_DAG.py', '--cfg-path', '/tmp/tmplbasrgnz', '--error-file', '/tmp/tmpewdlb0ld']
[2025-07-27T23:15:07.431+0000] {standard_task_runner.py:80} INFO - Job 30: Subtask post_to_elasticsearch_task
[2025-07-27T23:15:07.476+0000] {task_command.py:371} INFO - Running <TaskInstance: NBAPlayer_Preference_DAG.post_to_elasticsearch_task manual__2025-07-27T23:15:00.892547+00:00 [running]> on host f8899ad4c8bd
[2025-07-27T23:15:07.519+0000] {taskinstance.py:1583} INFO - Exporting the following env vars:
AIRFLOW_CTX_DAG_OWNER=***
AIRFLOW_CTX_DAG_ID=NBAPlayer_Preference_DAG
AIRFLOW_CTX_TASK_ID=post_to_elasticsearch_task
AIRFLOW_CTX_EXECUTION_DATE=2025-07-27T23:15:00.892547+00:00
AIRFLOW_CTX_TRY_NUMBER=1
AIRFLOW_CTX_DAG_RUN_ID=manual__2025-07-27T23:15:00.892547+00:00
[2025-07-27T23:15:07.536+0000] {base.py:271} INFO - HEAD http://elasticsearch:9200/ [status:200 request:0.008s]
[2025-07-27T23:15:08.871+0000] {base.py:271} INFO - POST http://elasticsearch:9200/_bulk [status:200 request:0.079s]
[2025-07-27T23:15:08.970+0000] {base.py:271} INFO - POST http://elasticsearch:9200/_bulk [status:200 request:0.086s]
[2025-07-27T23:15:09.050+0000] {base.py:271} INFO - POST http://elasticsearch:9200/_bulk [status:200 request:0.062s]
[2025-07-27T23:15:09.101+0000] {base.py:271} INFO - POST http://elasticsearch:9200/_bulk [status:200 request:0.040s]
[2025-07-27T23:15:09.153+0000] {base.py:271} INFO - POST http://elasticsearch:9200/_bulk [status:200 request:0.040s]
[2025-07-27T23:15:09.215+0000] {base.py:271} INFO - POST http://elasticsearch:9200/_bulk [status:200 request:0.052s]
[2025-07-27T23:15:09.266+0000] {base.py:271} INFO - POST http://elasticsearch:9200/_bulk [status:200 request:0.038s]
[2025-07-27T23:15:09.351+0000] {base.py:271} INFO - POST http://elasticsearch:9200/_bulk [status:200 request:0.072s]
[2025-07-27T23:15:09.441+0000] {base.py:271} INFO - POST http://elasticsearch:9200/_bulk [status:200 request:0.072s]
[2025-07-27T23:15:09.523+0000] {base.py:271} INFO - POST http://elasticsearch:9200/_bulk [status:200 request:0.058s]
[2025-07-27T23:15:09.607+0000] {base.py:271} INFO - POST http://elasticsearch:9200/_bulk [status:200 request:0.068s]
[2025-07-27T23:15:09.663+0000] {base.py:271} INFO - POST http://elasticsearch:9200/_bulk [status:200 request:0.037s]
[2025-07-27T23:15:10.115+0000] {base.py:271} INFO - POST http://elasticsearch:9200/_bulk [status:200 request:0.140s]
[2025-07-27T23:15:10.152+0000] {base.py:271} INFO - POST http://elasticsearch:9200/_bulk [status:200 request:0.026s]
[2025-07-27T23:15:10.190+0000] {base.py:271} INFO - POST http://elasticsearch:9200/_bulk [status:200 request:0.028s]
[2025-07-27T23:15:10.224+0000] {base.py:271} INFO - POST http://elasticsearch:9200/_bulk [status:200 request:0.023s]
[2025-07-27T23:15:10.258+0000] {base.py:271} INFO - POST http://elasticsearch:9200/_bulk [status:200 request:0.024s]
[2025-07-27T23:15:10.290+0000] {base.py:271} INFO - POST http://elasticsearch:9200/_bulk [status:200 request:0.023s]
[2025-07-27T23:15:10.358+0000] {base.py:271} INFO - POST http://elasticsearch:9200/_bulk [status:200 request:0.055s]
[2025-07-27T23:15:10.404+0000] {base.py:271} INFO - POST http://elasticsearch:9200/_bulk [status:200 request:0.030s]
[2025-07-27T23:15:10.456+0000] {base.py:271} INFO - POST http://elasticsearch:9200/_bulk [status:200 request:0.039s]
[2025-07-27T23:15:10.555+0000] {base.py:271} INFO - POST http://elasticsearch:9200/_bulk [status:200 request:0.042s]
[2025-07-27T23:15:10.588+0000] {base.py:271} INFO - POST http://elasticsearch:9200/_bulk [status:200 request:0.022s]
[2025-07-27T23:15:10.619+0000] {base.py:271} INFO - POST http://elasticsearch:9200/_bulk [status:200 request:0.021s]
[2025-07-27T23:15:10.670+0000] {base.py:271} INFO - POST http://elasticsearch:9200/_bulk [status:200 request:0.033s]
[2025-07-27T23:15:10.710+0000] {base.py:271} INFO - POST http://elasticsearch:9200/_bulk [status:200 request:0.024s]
[2025-07-27T23:15:10.761+0000] {base.py:271} INFO - POST http://elasticsearch:9200/_bulk [status:200 request:0.038s]
[2025-07-27T23:15:10.808+0000] {base.py:271} INFO - POST http://elasticsearch:9200/_bulk [status:200 request:0.031s]
[2025-07-27T23:15:10.845+0000] {base.py:271} INFO - POST http://elasticsearch:9200/_bulk [status:200 request:0.028s]
[2025-07-27T23:15:10.854+0000] {base.py:271} INFO - POST http://elasticsearch:9200/_bulk [status:200 request:0.005s]
[2025-07-27T23:15:10.855+0000] {logging_mixin.py:115} INFO - 14573 data berhasil dimasukkan ke Elasticsearch
[2025-07-27T23:15:10.885+0000] {python.py:173} INFO - Done. Returned value was: None
[2025-07-27T23:15:11.014+0000] {taskinstance.py:1412} INFO - Marking task as SUCCESS. dag_id=NBAPlayer_Preference_DAG, task_id=post_to_elasticsearch_task, execution_date=20250727T231500, start_date=20250727T231507, end_date=20250727T231511
[2025-07-27T23:15:11.121+0000] {local_task_job.py:156} INFO - Task exited with return code 0
[2025-07-27T23:15:11.201+0000] {local_task_job.py:279} INFO - 0 downstream tasks scheduled from follow-on schedule check
