[2025-07-27T23:23:17.024+0000] {taskinstance.py:1171} INFO - Dependencies all met for <TaskInstance: NBAPlayer_Preference_DAG.post_to_elasticsearch_task manual__2025-07-27T23:23:11.803654+00:00 [queued]>
[2025-07-27T23:23:17.030+0000] {taskinstance.py:1171} INFO - Dependencies all met for <TaskInstance: NBAPlayer_Preference_DAG.post_to_elasticsearch_task manual__2025-07-27T23:23:11.803654+00:00 [queued]>
[2025-07-27T23:23:17.030+0000] {taskinstance.py:1368} INFO - 
--------------------------------------------------------------------------------
[2025-07-27T23:23:17.030+0000] {taskinstance.py:1369} INFO - Starting attempt 1 of 2
[2025-07-27T23:23:17.030+0000] {taskinstance.py:1370} INFO - 
--------------------------------------------------------------------------------
[2025-07-27T23:23:17.037+0000] {taskinstance.py:1389} INFO - Executing <Task(PythonOperator): post_to_elasticsearch_task> on 2025-07-27 23:23:11.803654+00:00
[2025-07-27T23:23:17.043+0000] {standard_task_runner.py:52} INFO - Started process 469 to run task
[2025-07-27T23:23:17.046+0000] {standard_task_runner.py:79} INFO - Running: ['***', 'tasks', 'run', 'NBAPlayer_Preference_DAG', 'post_to_elasticsearch_task', 'manual__2025-07-27T23:23:11.803654+00:00', '--job-id', '39', '--raw', '--subdir', 'DAGS_FOLDER/NBAPlayer_Preference_DAG.py', '--cfg-path', '/tmp/tmp0f_tzb6i', '--error-file', '/tmp/tmp42c7punr']
[2025-07-27T23:23:17.048+0000] {standard_task_runner.py:80} INFO - Job 39: Subtask post_to_elasticsearch_task
[2025-07-27T23:23:17.097+0000] {task_command.py:371} INFO - Running <TaskInstance: NBAPlayer_Preference_DAG.post_to_elasticsearch_task manual__2025-07-27T23:23:11.803654+00:00 [running]> on host f8899ad4c8bd
[2025-07-27T23:23:17.135+0000] {taskinstance.py:1583} INFO - Exporting the following env vars:
AIRFLOW_CTX_DAG_OWNER=***
AIRFLOW_CTX_DAG_ID=NBAPlayer_Preference_DAG
AIRFLOW_CTX_TASK_ID=post_to_elasticsearch_task
AIRFLOW_CTX_EXECUTION_DATE=2025-07-27T23:23:11.803654+00:00
AIRFLOW_CTX_TRY_NUMBER=1
AIRFLOW_CTX_DAG_RUN_ID=manual__2025-07-27T23:23:11.803654+00:00
[2025-07-27T23:23:17.149+0000] {base.py:271} INFO - HEAD http://elasticsearch:9200/ [status:200 request:0.006s]
[2025-07-27T23:23:18.754+0000] {base.py:271} INFO - POST http://elasticsearch:9200/_bulk [status:200 request:0.044s]
[2025-07-27T23:23:18.784+0000] {base.py:271} INFO - POST http://elasticsearch:9200/_bulk [status:200 request:0.019s]
[2025-07-27T23:23:18.818+0000] {base.py:271} INFO - POST http://elasticsearch:9200/_bulk [status:200 request:0.025s]
[2025-07-27T23:23:18.847+0000] {base.py:271} INFO - POST http://elasticsearch:9200/_bulk [status:200 request:0.021s]
[2025-07-27T23:23:18.880+0000] {base.py:271} INFO - POST http://elasticsearch:9200/_bulk [status:200 request:0.025s]
[2025-07-27T23:23:18.908+0000] {base.py:271} INFO - POST http://elasticsearch:9200/_bulk [status:200 request:0.019s]
[2025-07-27T23:23:18.946+0000] {base.py:271} INFO - POST http://elasticsearch:9200/_bulk [status:200 request:0.029s]
[2025-07-27T23:23:18.977+0000] {base.py:271} INFO - POST http://elasticsearch:9200/_bulk [status:200 request:0.022s]
[2025-07-27T23:23:19.350+0000] {base.py:271} INFO - POST http://elasticsearch:9200/_bulk [status:200 request:0.038s]
[2025-07-27T23:23:19.380+0000] {base.py:271} INFO - POST http://elasticsearch:9200/_bulk [status:200 request:0.019s]
[2025-07-27T23:23:19.441+0000] {base.py:271} INFO - POST http://elasticsearch:9200/_bulk [status:200 request:0.052s]
[2025-07-27T23:23:19.472+0000] {base.py:271} INFO - POST http://elasticsearch:9200/_bulk [status:200 request:0.022s]
[2025-07-27T23:23:19.568+0000] {base.py:271} INFO - POST http://elasticsearch:9200/_bulk [status:200 request:0.086s]
[2025-07-27T23:23:19.613+0000] {base.py:271} INFO - POST http://elasticsearch:9200/_bulk [status:200 request:0.029s]
[2025-07-27T23:23:19.647+0000] {base.py:271} INFO - POST http://elasticsearch:9200/_bulk [status:200 request:0.025s]
[2025-07-27T23:23:19.673+0000] {base.py:271} INFO - POST http://elasticsearch:9200/_bulk [status:200 request:0.017s]
[2025-07-27T23:23:19.708+0000] {base.py:271} INFO - POST http://elasticsearch:9200/_bulk [status:200 request:0.026s]
[2025-07-27T23:23:19.739+0000] {base.py:271} INFO - POST http://elasticsearch:9200/_bulk [status:200 request:0.018s]
[2025-07-27T23:23:19.772+0000] {base.py:271} INFO - POST http://elasticsearch:9200/_bulk [status:200 request:0.025s]
[2025-07-27T23:23:19.799+0000] {base.py:271} INFO - POST http://elasticsearch:9200/_bulk [status:200 request:0.018s]
[2025-07-27T23:23:19.850+0000] {base.py:271} INFO - POST http://elasticsearch:9200/_bulk [status:200 request:0.038s]
[2025-07-27T23:23:19.881+0000] {base.py:271} INFO - POST http://elasticsearch:9200/_bulk [status:200 request:0.023s]
[2025-07-27T23:23:19.910+0000] {base.py:271} INFO - POST http://elasticsearch:9200/_bulk [status:200 request:0.020s]
[2025-07-27T23:23:19.942+0000] {base.py:271} INFO - POST http://elasticsearch:9200/_bulk [status:200 request:0.023s]
[2025-07-27T23:23:19.977+0000] {base.py:271} INFO - POST http://elasticsearch:9200/_bulk [status:200 request:0.027s]
[2025-07-27T23:23:20.001+0000] {base.py:271} INFO - POST http://elasticsearch:9200/_bulk [status:200 request:0.015s]
[2025-07-27T23:23:20.029+0000] {base.py:271} INFO - POST http://elasticsearch:9200/_bulk [status:200 request:0.020s]
[2025-07-27T23:23:20.066+0000] {base.py:271} INFO - POST http://elasticsearch:9200/_bulk [status:200 request:0.027s]
[2025-07-27T23:23:20.093+0000] {base.py:271} INFO - POST http://elasticsearch:9200/_bulk [status:200 request:0.017s]
[2025-07-27T23:23:20.099+0000] {base.py:271} INFO - POST http://elasticsearch:9200/_bulk [status:200 request:0.004s]
[2025-07-27T23:23:20.099+0000] {logging_mixin.py:115} INFO - 14573 data berhasil dimasukkan ke Elasticsearch
[2025-07-27T23:23:20.117+0000] {python.py:173} INFO - Done. Returned value was: None
[2025-07-27T23:23:20.153+0000] {taskinstance.py:1412} INFO - Marking task as SUCCESS. dag_id=NBAPlayer_Preference_DAG, task_id=post_to_elasticsearch_task, execution_date=20250727T232311, start_date=20250727T232317, end_date=20250727T232320
[2025-07-27T23:23:20.203+0000] {local_task_job.py:156} INFO - Task exited with return code 0
[2025-07-27T23:23:20.254+0000] {local_task_job.py:279} INFO - 0 downstream tasks scheduled from follow-on schedule check
