[2025-07-27T23:09:41.843+0000] {taskinstance.py:1171} INFO - Dependencies all met for <TaskInstance: NBAPlayer_Preference_DAG.fetch_data_task manual__2025-07-27T23:09:40.166689+00:00 [queued]>
[2025-07-27T23:09:41.851+0000] {taskinstance.py:1171} INFO - Dependencies all met for <TaskInstance: NBAPlayer_Preference_DAG.fetch_data_task manual__2025-07-27T23:09:40.166689+00:00 [queued]>
[2025-07-27T23:09:41.851+0000] {taskinstance.py:1368} INFO - 
--------------------------------------------------------------------------------
[2025-07-27T23:09:41.851+0000] {taskinstance.py:1369} INFO - Starting attempt 1 of 2
[2025-07-27T23:09:41.851+0000] {taskinstance.py:1370} INFO - 
--------------------------------------------------------------------------------
[2025-07-27T23:09:41.859+0000] {taskinstance.py:1389} INFO - Executing <Task(PythonOperator): fetch_data_task> on 2025-07-27 23:09:40.166689+00:00
[2025-07-27T23:09:41.869+0000] {standard_task_runner.py:52} INFO - Started process 256 to run task
[2025-07-27T23:09:41.873+0000] {standard_task_runner.py:79} INFO - Running: ['***', 'tasks', 'run', 'NBAPlayer_Preference_DAG', 'fetch_data_task', 'manual__2025-07-27T23:09:40.166689+00:00', '--job-id', '22', '--raw', '--subdir', 'DAGS_FOLDER/NBAPlayer_Preference_DAG.py', '--cfg-path', '/tmp/tmpq9k3a_8m', '--error-file', '/tmp/tmpxtu6c1b0']
[2025-07-27T23:09:41.874+0000] {standard_task_runner.py:80} INFO - Job 22: Subtask fetch_data_task
[2025-07-27T23:09:41.929+0000] {task_command.py:371} INFO - Running <TaskInstance: NBAPlayer_Preference_DAG.fetch_data_task manual__2025-07-27T23:09:40.166689+00:00 [running]> on host f8899ad4c8bd
[2025-07-27T23:09:41.989+0000] {taskinstance.py:1583} INFO - Exporting the following env vars:
AIRFLOW_CTX_DAG_OWNER=***
AIRFLOW_CTX_DAG_ID=NBAPlayer_Preference_DAG
AIRFLOW_CTX_TASK_ID=fetch_data_task
AIRFLOW_CTX_EXECUTION_DATE=2025-07-27T23:09:40.166689+00:00
AIRFLOW_CTX_TRY_NUMBER=1
AIRFLOW_CTX_DAG_RUN_ID=manual__2025-07-27T23:09:40.166689+00:00
[2025-07-27T23:09:42.525+0000] {logging_mixin.py:115} INFO - Data berhasil diambil dari PostgreSQL
[2025-07-27T23:09:42.529+0000] {python.py:173} INFO - Done. Returned value was: None
[2025-07-27T23:09:42.539+0000] {taskinstance.py:1412} INFO - Marking task as SUCCESS. dag_id=NBAPlayer_Preference_DAG, task_id=fetch_data_task, execution_date=20250727T230940, start_date=20250727T230941, end_date=20250727T230942
[2025-07-27T23:09:42.553+0000] {local_task_job.py:156} INFO - Task exited with return code 0
[2025-07-27T23:09:42.578+0000] {local_task_job.py:279} INFO - 1 downstream tasks scheduled from follow-on schedule check
