[2025-07-27T23:19:14.536+0000] {taskinstance.py:1171} INFO - Dependencies all met for <TaskInstance: NBAPlayer_Preference_DAG.post_to_elasticsearch_task manual__2025-07-27T23:19:08.720087+00:00 [queued]>
[2025-07-27T23:19:14.541+0000] {taskinstance.py:1171} INFO - Dependencies all met for <TaskInstance: NBAPlayer_Preference_DAG.post_to_elasticsearch_task manual__2025-07-27T23:19:08.720087+00:00 [queued]>
[2025-07-27T23:19:14.541+0000] {taskinstance.py:1368} INFO - 
--------------------------------------------------------------------------------
[2025-07-27T23:19:14.541+0000] {taskinstance.py:1369} INFO - Starting attempt 1 of 2
[2025-07-27T23:19:14.541+0000] {taskinstance.py:1370} INFO - 
--------------------------------------------------------------------------------
[2025-07-27T23:19:14.547+0000] {taskinstance.py:1389} INFO - Executing <Task(PythonOperator): post_to_elasticsearch_task> on 2025-07-27 23:19:08.720087+00:00
[2025-07-27T23:19:14.557+0000] {standard_task_runner.py:52} INFO - Started process 403 to run task
[2025-07-27T23:19:14.562+0000] {standard_task_runner.py:79} INFO - Running: ['***', 'tasks', 'run', 'NBAPlayer_Preference_DAG', 'post_to_elasticsearch_task', 'manual__2025-07-27T23:19:08.720087+00:00', '--job-id', '33', '--raw', '--subdir', 'DAGS_FOLDER/NBAPlayer_Preference_DAG.py', '--cfg-path', '/tmp/tmpaj4up_6a', '--error-file', '/tmp/tmpnjyn1_2_']
[2025-07-27T23:19:14.564+0000] {standard_task_runner.py:80} INFO - Job 33: Subtask post_to_elasticsearch_task
[2025-07-27T23:19:14.627+0000] {task_command.py:371} INFO - Running <TaskInstance: NBAPlayer_Preference_DAG.post_to_elasticsearch_task manual__2025-07-27T23:19:08.720087+00:00 [running]> on host f8899ad4c8bd
[2025-07-27T23:19:14.682+0000] {taskinstance.py:1583} INFO - Exporting the following env vars:
AIRFLOW_CTX_DAG_OWNER=***
AIRFLOW_CTX_DAG_ID=NBAPlayer_Preference_DAG
AIRFLOW_CTX_TASK_ID=post_to_elasticsearch_task
AIRFLOW_CTX_EXECUTION_DATE=2025-07-27T23:19:08.720087+00:00
AIRFLOW_CTX_TRY_NUMBER=1
AIRFLOW_CTX_DAG_RUN_ID=manual__2025-07-27T23:19:08.720087+00:00
[2025-07-27T23:19:14.705+0000] {base.py:271} INFO - HEAD http://elasticsearch:9200/ [status:200 request:0.014s]
[2025-07-27T23:19:16.383+0000] {base.py:271} INFO - POST http://elasticsearch:9200/_bulk [status:200 request:0.030s]
[2025-07-27T23:19:16.425+0000] {base.py:271} INFO - POST http://elasticsearch:9200/_bulk [status:200 request:0.031s]
[2025-07-27T23:19:16.458+0000] {base.py:271} INFO - POST http://elasticsearch:9200/_bulk [status:200 request:0.023s]
[2025-07-27T23:19:16.490+0000] {base.py:271} INFO - POST http://elasticsearch:9200/_bulk [status:200 request:0.024s]
[2025-07-27T23:19:16.521+0000] {base.py:271} INFO - POST http://elasticsearch:9200/_bulk [status:200 request:0.022s]
[2025-07-27T23:19:16.555+0000] {base.py:271} INFO - POST http://elasticsearch:9200/_bulk [status:200 request:0.026s]
[2025-07-27T23:19:16.585+0000] {base.py:271} INFO - POST http://elasticsearch:9200/_bulk [status:200 request:0.022s]
[2025-07-27T23:19:16.614+0000] {base.py:271} INFO - POST http://elasticsearch:9200/_bulk [status:200 request:0.022s]
[2025-07-27T23:19:16.957+0000] {base.py:271} INFO - POST http://elasticsearch:9200/_bulk [status:200 request:0.026s]
[2025-07-27T23:19:17.005+0000] {base.py:271} INFO - POST http://elasticsearch:9200/_bulk [status:200 request:0.038s]
[2025-07-27T23:19:17.045+0000] {base.py:271} INFO - POST http://elasticsearch:9200/_bulk [status:200 request:0.030s]
[2025-07-27T23:19:17.081+0000] {base.py:271} INFO - POST http://elasticsearch:9200/_bulk [status:200 request:0.026s]
[2025-07-27T23:19:17.120+0000] {base.py:271} INFO - POST http://elasticsearch:9200/_bulk [status:200 request:0.029s]
[2025-07-27T23:19:17.163+0000] {base.py:271} INFO - POST http://elasticsearch:9200/_bulk [status:200 request:0.033s]
[2025-07-27T23:19:17.201+0000] {base.py:271} INFO - POST http://elasticsearch:9200/_bulk [status:200 request:0.025s]
[2025-07-27T23:19:17.241+0000] {base.py:271} INFO - POST http://elasticsearch:9200/_bulk [status:200 request:0.030s]
[2025-07-27T23:19:17.273+0000] {base.py:271} INFO - POST http://elasticsearch:9200/_bulk [status:200 request:0.022s]
[2025-07-27T23:19:17.319+0000] {base.py:271} INFO - POST http://elasticsearch:9200/_bulk [status:200 request:0.029s]
[2025-07-27T23:19:17.388+0000] {base.py:271} INFO - POST http://elasticsearch:9200/_bulk [status:200 request:0.057s]
[2025-07-27T23:19:17.420+0000] {base.py:271} INFO - POST http://elasticsearch:9200/_bulk [status:200 request:0.022s]
[2025-07-27T23:19:17.446+0000] {base.py:271} INFO - POST http://elasticsearch:9200/_bulk [status:200 request:0.016s]
[2025-07-27T23:19:17.475+0000] {base.py:271} INFO - POST http://elasticsearch:9200/_bulk [status:200 request:0.019s]
[2025-07-27T23:19:17.501+0000] {base.py:271} INFO - POST http://elasticsearch:9200/_bulk [status:200 request:0.017s]
[2025-07-27T23:19:17.531+0000] {base.py:271} INFO - POST http://elasticsearch:9200/_bulk [status:200 request:0.019s]
[2025-07-27T23:19:17.556+0000] {base.py:271} INFO - POST http://elasticsearch:9200/_bulk [status:200 request:0.015s]
[2025-07-27T23:19:17.584+0000] {base.py:271} INFO - POST http://elasticsearch:9200/_bulk [status:200 request:0.019s]
[2025-07-27T23:19:17.614+0000] {base.py:271} INFO - POST http://elasticsearch:9200/_bulk [status:200 request:0.017s]
[2025-07-27T23:19:17.643+0000] {base.py:271} INFO - POST http://elasticsearch:9200/_bulk [status:200 request:0.020s]
[2025-07-27T23:19:17.665+0000] {base.py:271} INFO - POST http://elasticsearch:9200/_bulk [status:200 request:0.014s]
[2025-07-27T23:19:17.672+0000] {base.py:271} INFO - POST http://elasticsearch:9200/_bulk [status:200 request:0.004s]
[2025-07-27T23:19:17.673+0000] {logging_mixin.py:115} INFO - 14573 data berhasil dimasukkan ke Elasticsearch
[2025-07-27T23:19:17.697+0000] {python.py:173} INFO - Done. Returned value was: None
[2025-07-27T23:19:17.730+0000] {taskinstance.py:1412} INFO - Marking task as SUCCESS. dag_id=NBAPlayer_Preference_DAG, task_id=post_to_elasticsearch_task, execution_date=20250727T231908, start_date=20250727T231914, end_date=20250727T231917
[2025-07-27T23:19:17.767+0000] {local_task_job.py:156} INFO - Task exited with return code 0
[2025-07-27T23:19:17.814+0000] {local_task_job.py:279} INFO - 0 downstream tasks scheduled from follow-on schedule check
