[2025-07-27T23:04:52.646+0000] {manager.py:480} INFO - Processing files using up to 2 processes at a time 
[2025-07-27T23:04:52.648+0000] {manager.py:481} INFO - Process each file at most once every 30 seconds
[2025-07-27T23:04:52.653+0000] {manager.py:483} INFO - Checking for new files in /opt/airflow/dags every 300 seconds
[2025-07-27T23:04:52.660+0000] {manager.py:709} INFO - Searching for files in /opt/airflow/dags
[2025-07-27T23:04:52.690+0000] {manager.py:712} INFO - There are 1 files in /opt/airflow/dags
[2025-07-27T23:04:52.966+0000] {manager.py:828} INFO - 
================================================================================
DAG File Processing Stats

File Path                                        PID  Runtime      # DAGs    # Errors  Last Runtime    Last Run
---------------------------------------------  -----  ---------  --------  ----------  --------------  ----------
/opt/airflow/dags/NBAPlayer_Preference_DAG.py    170  0.04s             0           0
================================================================================
[2025-07-27T23:05:23.359+0000] {manager.py:828} INFO - 
================================================================================
DAG File Processing Stats

File Path                                      PID    Runtime      # DAGs    # Errors  Last Runtime    Last Run
---------------------------------------------  -----  ---------  --------  ----------  --------------  -------------------
/opt/airflow/dags/NBAPlayer_Preference_DAG.py                           1           0  1.90s           2025-07-27T23:04:54
================================================================================
[2025-07-27T23:05:53.502+0000] {manager.py:828} INFO - 
================================================================================
DAG File Processing Stats

File Path                                      PID    Runtime      # DAGs    # Errors  Last Runtime    Last Run
---------------------------------------------  -----  ---------  --------  ----------  --------------  -------------------
/opt/airflow/dags/NBAPlayer_Preference_DAG.py                           1           0  1.94s           2025-07-27T23:05:27
================================================================================
[2025-07-27T23:06:23.778+0000] {manager.py:828} INFO - 
================================================================================
DAG File Processing Stats

File Path                                      PID    Runtime      # DAGs    # Errors  Last Runtime    Last Run
---------------------------------------------  -----  ---------  --------  ----------  --------------  -------------------
/opt/airflow/dags/NBAPlayer_Preference_DAG.py                           1           0  0.52s           2025-07-27T23:05:58
================================================================================
[2025-07-27T23:06:54.033+0000] {manager.py:828} INFO - 
================================================================================
DAG File Processing Stats

File Path                                      PID    Runtime      # DAGs    # Errors  Last Runtime    Last Run
---------------------------------------------  -----  ---------  --------  ----------  --------------  -------------------
/opt/airflow/dags/NBAPlayer_Preference_DAG.py                           1           0  0.53s           2025-07-27T23:06:29
================================================================================
[2025-07-27T23:07:24.277+0000] {manager.py:828} INFO - 
================================================================================
DAG File Processing Stats

File Path                                      PID    Runtime      # DAGs    # Errors  Last Runtime    Last Run
---------------------------------------------  -----  ---------  --------  ----------  --------------  -------------------
/opt/airflow/dags/NBAPlayer_Preference_DAG.py                           1           0  0.63s           2025-07-27T23:07:00
================================================================================
[2025-07-27T23:07:54.508+0000] {manager.py:828} INFO - 
================================================================================
DAG File Processing Stats

File Path                                      PID    Runtime      # DAGs    # Errors  Last Runtime    Last Run
---------------------------------------------  -----  ---------  --------  ----------  --------------  -------------------
/opt/airflow/dags/NBAPlayer_Preference_DAG.py                           1           0  0.54s           2025-07-27T23:07:30
================================================================================
[2025-07-27T23:08:24.690+0000] {manager.py:828} INFO - 
================================================================================
DAG File Processing Stats

File Path                                      PID    Runtime      # DAGs    # Errors  Last Runtime    Last Run
---------------------------------------------  -----  ---------  --------  ----------  --------------  -------------------
/opt/airflow/dags/NBAPlayer_Preference_DAG.py                           1           0  0.54s           2025-07-27T23:08:01
================================================================================
[2025-07-27T23:08:54.923+0000] {manager.py:828} INFO - 
================================================================================
DAG File Processing Stats

File Path                                      PID    Runtime      # DAGs    # Errors  Last Runtime    Last Run
---------------------------------------------  -----  ---------  --------  ----------  --------------  -------------------
/opt/airflow/dags/NBAPlayer_Preference_DAG.py                           1           0  0.49s           2025-07-27T23:08:32
================================================================================
[2025-07-27T23:09:25.094+0000] {manager.py:828} INFO - 
================================================================================
DAG File Processing Stats

File Path                                      PID    Runtime      # DAGs    # Errors  Last Runtime    Last Run
---------------------------------------------  -----  ---------  --------  ----------  --------------  -------------------
/opt/airflow/dags/NBAPlayer_Preference_DAG.py                           1           0  0.53s           2025-07-27T23:09:02
================================================================================
[2025-07-27T23:09:53.269+0000] {manager.py:709} INFO - Searching for files in /opt/airflow/dags
[2025-07-27T23:09:53.287+0000] {manager.py:712} INFO - There are 1 files in /opt/airflow/dags
[2025-07-27T23:09:55.339+0000] {manager.py:828} INFO - 
================================================================================
DAG File Processing Stats

File Path                                      PID    Runtime      # DAGs    # Errors  Last Runtime    Last Run
---------------------------------------------  -----  ---------  --------  ----------  --------------  -------------------
/opt/airflow/dags/NBAPlayer_Preference_DAG.py                           1           0  0.56s           2025-07-27T23:09:29
================================================================================
[2025-07-27T23:10:25.543+0000] {manager.py:828} INFO - 
================================================================================
DAG File Processing Stats

File Path                                      PID    Runtime      # DAGs    # Errors  Last Runtime    Last Run
---------------------------------------------  -----  ---------  --------  ----------  --------------  -------------------
/opt/airflow/dags/NBAPlayer_Preference_DAG.py                           1           0  0.50s           2025-07-27T23:09:59
================================================================================
[2025-07-27T23:10:55.792+0000] {manager.py:828} INFO - 
================================================================================
DAG File Processing Stats

File Path                                      PID    Runtime      # DAGs    # Errors  Last Runtime    Last Run
---------------------------------------------  -----  ---------  --------  ----------  --------------  -------------------
/opt/airflow/dags/NBAPlayer_Preference_DAG.py                           1           0  0.70s           2025-07-27T23:10:30
================================================================================
[2025-07-27T23:11:26.100+0000] {manager.py:828} INFO - 
================================================================================
DAG File Processing Stats

File Path                                      PID    Runtime      # DAGs    # Errors  Last Runtime    Last Run
---------------------------------------------  -----  ---------  --------  ----------  --------------  -------------------
/opt/airflow/dags/NBAPlayer_Preference_DAG.py                           1           0  0.56s           2025-07-27T23:11:01
================================================================================
[2025-07-27T23:11:56.326+0000] {manager.py:828} INFO - 
================================================================================
DAG File Processing Stats

File Path                                      PID    Runtime      # DAGs    # Errors  Last Runtime    Last Run
---------------------------------------------  -----  ---------  --------  ----------  --------------  -------------------
/opt/airflow/dags/NBAPlayer_Preference_DAG.py                           1           0  0.68s           2025-07-27T23:11:32
================================================================================
[2025-07-27T23:12:26.606+0000] {manager.py:828} INFO - 
================================================================================
DAG File Processing Stats

File Path                                      PID    Runtime      # DAGs    # Errors  Last Runtime    Last Run
---------------------------------------------  -----  ---------  --------  ----------  --------------  -------------------
/opt/airflow/dags/NBAPlayer_Preference_DAG.py                           1           0  0.60s           2025-07-27T23:12:02
================================================================================
[2025-07-27T23:12:56.820+0000] {manager.py:828} INFO - 
================================================================================
DAG File Processing Stats

File Path                                      PID    Runtime      # DAGs    # Errors  Last Runtime    Last Run
---------------------------------------------  -----  ---------  --------  ----------  --------------  -------------------
/opt/airflow/dags/NBAPlayer_Preference_DAG.py                           1           0  0.59s           2025-07-27T23:12:33
================================================================================
[2025-07-27T23:13:26.914+0000] {manager.py:828} INFO - 
================================================================================
DAG File Processing Stats

File Path                                      PID    Runtime      # DAGs    # Errors  Last Runtime    Last Run
---------------------------------------------  -----  ---------  --------  ----------  --------------  -------------------
/opt/airflow/dags/NBAPlayer_Preference_DAG.py                           1           0  0.87s           2025-07-27T23:13:04
================================================================================
[2025-07-27T23:13:57.155+0000] {manager.py:828} INFO - 
================================================================================
DAG File Processing Stats

File Path                                      PID    Runtime      # DAGs    # Errors  Last Runtime    Last Run
---------------------------------------------  -----  ---------  --------  ----------  --------------  -------------------
/opt/airflow/dags/NBAPlayer_Preference_DAG.py                           1           0  0.69s           2025-07-27T23:13:35
================================================================================
[2025-07-27T23:14:27.309+0000] {manager.py:828} INFO - 
================================================================================
DAG File Processing Stats

File Path                                      PID    Runtime      # DAGs    # Errors  Last Runtime    Last Run
---------------------------------------------  -----  ---------  --------  ----------  --------------  -------------------
/opt/airflow/dags/NBAPlayer_Preference_DAG.py                           1           0  0.56s           2025-07-27T23:14:06
================================================================================
[2025-07-27T23:14:53.608+0000] {manager.py:709} INFO - Searching for files in /opt/airflow/dags
[2025-07-27T23:14:53.642+0000] {manager.py:712} INFO - There are 1 files in /opt/airflow/dags
[2025-07-27T23:14:57.696+0000] {manager.py:828} INFO - 
================================================================================
DAG File Processing Stats

File Path                                      PID    Runtime      # DAGs    # Errors  Last Runtime    Last Run
---------------------------------------------  -----  ---------  --------  ----------  --------------  -------------------
/opt/airflow/dags/NBAPlayer_Preference_DAG.py                           1           0  2.04s           2025-07-27T23:14:53
================================================================================
[2025-07-27T23:15:27.875+0000] {manager.py:828} INFO - 
================================================================================
DAG File Processing Stats

File Path                                      PID    Runtime      # DAGs    # Errors  Last Runtime    Last Run
---------------------------------------------  -----  ---------  --------  ----------  --------------  -------------------
/opt/airflow/dags/NBAPlayer_Preference_DAG.py                           1           0  0.53s           2025-07-27T23:15:23
================================================================================
[2025-07-27T23:15:58.126+0000] {manager.py:828} INFO - 
================================================================================
DAG File Processing Stats

File Path                                      PID    Runtime      # DAGs    # Errors  Last Runtime    Last Run
---------------------------------------------  -----  ---------  --------  ----------  --------------  -------------------
/opt/airflow/dags/NBAPlayer_Preference_DAG.py                           1           0  0.54s           2025-07-27T23:15:54
================================================================================
[2025-07-27T23:16:28.371+0000] {manager.py:828} INFO - 
================================================================================
DAG File Processing Stats

File Path                                      PID    Runtime      # DAGs    # Errors  Last Runtime    Last Run
---------------------------------------------  -----  ---------  --------  ----------  --------------  -------------------
/opt/airflow/dags/NBAPlayer_Preference_DAG.py                           1           0  0.66s           2025-07-27T23:16:25
================================================================================
[2025-07-27T23:16:58.578+0000] {manager.py:828} INFO - 
================================================================================
DAG File Processing Stats

File Path                                      PID    Runtime      # DAGs    # Errors  Last Runtime    Last Run
---------------------------------------------  -----  ---------  --------  ----------  --------------  -------------------
/opt/airflow/dags/NBAPlayer_Preference_DAG.py                           1           0  0.55s           2025-07-27T23:16:56
================================================================================
[2025-07-27T23:17:28.763+0000] {manager.py:828} INFO - 
================================================================================
DAG File Processing Stats

File Path                                      PID    Runtime      # DAGs    # Errors  Last Runtime    Last Run
---------------------------------------------  -----  ---------  --------  ----------  --------------  -------------------
/opt/airflow/dags/NBAPlayer_Preference_DAG.py                           1           0  0.54s           2025-07-27T23:17:26
================================================================================
[2025-07-27T23:17:59.435+0000] {manager.py:828} INFO - 
================================================================================
DAG File Processing Stats

File Path                                      PID    Runtime      # DAGs    # Errors  Last Runtime    Last Run
---------------------------------------------  -----  ---------  --------  ----------  --------------  -------------------
/opt/airflow/dags/NBAPlayer_Preference_DAG.py                           1           0  0.53s           2025-07-27T23:17:57
================================================================================
[2025-07-27T23:18:29.672+0000] {manager.py:828} INFO - 
================================================================================
DAG File Processing Stats

File Path                                      PID    Runtime      # DAGs    # Errors  Last Runtime    Last Run
---------------------------------------------  -----  ---------  --------  ----------  --------------  -------------------
/opt/airflow/dags/NBAPlayer_Preference_DAG.py                           1           0  0.51s           2025-07-27T23:18:28
================================================================================
[2025-07-27T23:18:59.852+0000] {manager.py:828} INFO - 
================================================================================
DAG File Processing Stats

File Path                                      PID    Runtime      # DAGs    # Errors  Last Runtime    Last Run
---------------------------------------------  -----  ---------  --------  ----------  --------------  -------------------
/opt/airflow/dags/NBAPlayer_Preference_DAG.py                           1           0  0.55s           2025-07-27T23:18:58
================================================================================
[2025-07-27T23:19:30.497+0000] {manager.py:828} INFO - 
================================================================================
DAG File Processing Stats

File Path                                      PID    Runtime      # DAGs    # Errors  Last Runtime    Last Run
---------------------------------------------  -----  ---------  --------  ----------  --------------  -------------------
/opt/airflow/dags/NBAPlayer_Preference_DAG.py                           1           0  0.57s           2025-07-27T23:19:29
================================================================================
[2025-07-27T23:19:53.621+0000] {manager.py:709} INFO - Searching for files in /opt/airflow/dags
[2025-07-27T23:19:53.639+0000] {manager.py:712} INFO - There are 1 files in /opt/airflow/dags
[2025-07-27T23:20:00.677+0000] {manager.py:828} INFO - 
================================================================================
DAG File Processing Stats

File Path                                      PID    Runtime      # DAGs    # Errors  Last Runtime    Last Run
---------------------------------------------  -----  ---------  --------  ----------  --------------  -------------------
/opt/airflow/dags/NBAPlayer_Preference_DAG.py                           1           0  0.72s           2025-07-27T23:20:00
================================================================================
[2025-07-27T23:20:30.908+0000] {manager.py:828} INFO - 
================================================================================
DAG File Processing Stats

File Path                                        PID  Runtime      # DAGs    # Errors  Last Runtime    Last Run
---------------------------------------------  -----  ---------  --------  ----------  --------------  -------------------
/opt/airflow/dags/NBAPlayer_Preference_DAG.py    416  0.05s             1           0  0.72s           2025-07-27T23:20:00
================================================================================
[2025-07-27T23:21:01.323+0000] {manager.py:828} INFO - 
================================================================================
DAG File Processing Stats

File Path                                      PID    Runtime      # DAGs    # Errors  Last Runtime    Last Run
---------------------------------------------  -----  ---------  --------  ----------  --------------  -------------------
/opt/airflow/dags/NBAPlayer_Preference_DAG.py                           1           0  0.62s           2025-07-27T23:20:31
================================================================================
[2025-07-27T23:21:31.826+0000] {manager.py:828} INFO - 
================================================================================
DAG File Processing Stats

File Path                                      PID    Runtime      # DAGs    # Errors  Last Runtime    Last Run
---------------------------------------------  -----  ---------  --------  ----------  --------------  -------------------
/opt/airflow/dags/NBAPlayer_Preference_DAG.py                           1           0  0.54s           2025-07-27T23:21:02
================================================================================
[2025-07-27T23:22:01.963+0000] {manager.py:828} INFO - 
================================================================================
DAG File Processing Stats

File Path                                      PID    Runtime      # DAGs    # Errors  Last Runtime    Last Run
---------------------------------------------  -----  ---------  --------  ----------  --------------  -------------------
/opt/airflow/dags/NBAPlayer_Preference_DAG.py                           1           0  0.48s           2025-07-27T23:21:32
================================================================================
[2025-07-27T23:22:32.658+0000] {manager.py:828} INFO - 
================================================================================
DAG File Processing Stats

File Path                                      PID    Runtime      # DAGs    # Errors  Last Runtime    Last Run
---------------------------------------------  -----  ---------  --------  ----------  --------------  -------------------
/opt/airflow/dags/NBAPlayer_Preference_DAG.py                           1           0  0.53s           2025-07-27T23:22:03
================================================================================
[2025-07-27T23:23:02.731+0000] {manager.py:828} INFO - 
================================================================================
DAG File Processing Stats

File Path                                      PID    Runtime      # DAGs    # Errors  Last Runtime    Last Run
---------------------------------------------  -----  ---------  --------  ----------  --------------  -------------------
/opt/airflow/dags/NBAPlayer_Preference_DAG.py                           1           0  0.83s           2025-07-27T23:23:01
================================================================================
[2025-07-27T23:23:32.938+0000] {manager.py:828} INFO - 
================================================================================
DAG File Processing Stats

File Path                                      PID    Runtime      # DAGs    # Errors  Last Runtime    Last Run
---------------------------------------------  -----  ---------  --------  ----------  --------------  -------------------
/opt/airflow/dags/NBAPlayer_Preference_DAG.py                           1           0  0.93s           2025-07-27T23:23:32
================================================================================
[2025-07-27T23:24:03.155+0000] {manager.py:828} INFO - 
================================================================================
DAG File Processing Stats

File Path                                        PID  Runtime      # DAGs    # Errors  Last Runtime    Last Run
---------------------------------------------  -----  ---------  --------  ----------  --------------  -------------------
/opt/airflow/dags/NBAPlayer_Preference_DAG.py    476  0.27s             1           0  0.93s           2025-07-27T23:23:32
================================================================================
[2025-07-27T23:24:33.379+0000] {manager.py:828} INFO - 
================================================================================
DAG File Processing Stats

File Path                                      PID    Runtime      # DAGs    # Errors  Last Runtime    Last Run
---------------------------------------------  -----  ---------  --------  ----------  --------------  -------------------
/opt/airflow/dags/NBAPlayer_Preference_DAG.py                           1           0  0.62s           2025-07-27T23:24:03
================================================================================
[2025-07-27T23:24:53.773+0000] {manager.py:709} INFO - Searching for files in /opt/airflow/dags
[2025-07-27T23:24:53.782+0000] {manager.py:712} INFO - There are 1 files in /opt/airflow/dags
[2025-07-27T23:25:03.857+0000] {manager.py:828} INFO - 
================================================================================
DAG File Processing Stats

File Path                                      PID    Runtime      # DAGs    # Errors  Last Runtime    Last Run
---------------------------------------------  -----  ---------  --------  ----------  --------------  -------------------
/opt/airflow/dags/NBAPlayer_Preference_DAG.py                           1           0  0.56s           2025-07-27T23:24:34
================================================================================
[2025-07-27T23:25:34.057+0000] {manager.py:828} INFO - 
================================================================================
DAG File Processing Stats

File Path                                      PID    Runtime      # DAGs    # Errors  Last Runtime    Last Run
---------------------------------------------  -----  ---------  --------  ----------  --------------  -------------------
/opt/airflow/dags/NBAPlayer_Preference_DAG.py                           1           0  0.57s           2025-07-27T23:25:04
================================================================================
[2025-07-27T23:26:04.303+0000] {manager.py:828} INFO - 
================================================================================
DAG File Processing Stats

File Path                                      PID    Runtime      # DAGs    # Errors  Last Runtime    Last Run
---------------------------------------------  -----  ---------  --------  ----------  --------------  -------------------
/opt/airflow/dags/NBAPlayer_Preference_DAG.py                           1           0  0.56s           2025-07-27T23:25:35
================================================================================
[2025-07-27T23:26:34.498+0000] {manager.py:828} INFO - 
================================================================================
DAG File Processing Stats

File Path                                      PID    Runtime      # DAGs    # Errors  Last Runtime    Last Run
---------------------------------------------  -----  ---------  --------  ----------  --------------  -------------------
/opt/airflow/dags/NBAPlayer_Preference_DAG.py                           1           0  0.76s           2025-07-27T23:26:06
================================================================================
[2025-07-27T23:27:04.735+0000] {manager.py:828} INFO - 
================================================================================
DAG File Processing Stats

File Path                                      PID    Runtime      # DAGs    # Errors  Last Runtime    Last Run
---------------------------------------------  -----  ---------  --------  ----------  --------------  -------------------
/opt/airflow/dags/NBAPlayer_Preference_DAG.py                           1           0  0.59s           2025-07-27T23:26:37
================================================================================
[2025-07-27T23:27:35.160+0000] {manager.py:828} INFO - 
================================================================================
DAG File Processing Stats

File Path                                      PID    Runtime      # DAGs    # Errors  Last Runtime    Last Run
---------------------------------------------  -----  ---------  --------  ----------  --------------  -------------------
/opt/airflow/dags/NBAPlayer_Preference_DAG.py                           1           0  0.65s           2025-07-27T23:27:08
================================================================================
[2025-07-27T23:28:05.361+0000] {manager.py:828} INFO - 
================================================================================
DAG File Processing Stats

File Path                                      PID    Runtime      # DAGs    # Errors  Last Runtime    Last Run
---------------------------------------------  -----  ---------  --------  ----------  --------------  -------------------
/opt/airflow/dags/NBAPlayer_Preference_DAG.py                           1           0  0.65s           2025-07-27T23:27:39
================================================================================
[2025-07-27T23:28:35.600+0000] {manager.py:828} INFO - 
================================================================================
DAG File Processing Stats

File Path                                      PID    Runtime      # DAGs    # Errors  Last Runtime    Last Run
---------------------------------------------  -----  ---------  --------  ----------  --------------  -------------------
/opt/airflow/dags/NBAPlayer_Preference_DAG.py                           1           0  0.62s           2025-07-27T23:28:18
================================================================================
[2025-07-27T23:29:05.684+0000] {manager.py:828} INFO - 
================================================================================
DAG File Processing Stats

File Path                                      PID    Runtime      # DAGs    # Errors  Last Runtime    Last Run
---------------------------------------------  -----  ---------  --------  ----------  --------------  -------------------
/opt/airflow/dags/NBAPlayer_Preference_DAG.py                           1           0  0.68s           2025-07-27T23:28:49
================================================================================
[2025-07-27T23:29:36.186+0000] {manager.py:828} INFO - 
================================================================================
DAG File Processing Stats

File Path                                      PID    Runtime      # DAGs    # Errors  Last Runtime    Last Run
---------------------------------------------  -----  ---------  --------  ----------  --------------  -------------------
/opt/airflow/dags/NBAPlayer_Preference_DAG.py                           1           0  0.55s           2025-07-27T23:29:20
================================================================================
[2025-07-27T23:29:53.966+0000] {manager.py:709} INFO - Searching for files in /opt/airflow/dags
[2025-07-27T23:29:53.976+0000] {manager.py:712} INFO - There are 1 files in /opt/airflow/dags
[2025-07-27T23:30:06.536+0000] {manager.py:828} INFO - 
================================================================================
DAG File Processing Stats

File Path                                      PID    Runtime      # DAGs    # Errors  Last Runtime    Last Run
---------------------------------------------  -----  ---------  --------  ----------  --------------  -------------------
/opt/airflow/dags/NBAPlayer_Preference_DAG.py                           1           0  0.52s           2025-07-27T23:29:50
================================================================================
[2025-07-27T23:30:36.679+0000] {manager.py:828} INFO - 
================================================================================
DAG File Processing Stats

File Path                                      PID    Runtime      # DAGs    # Errors  Last Runtime    Last Run
---------------------------------------------  -----  ---------  --------  ----------  --------------  -------------------
/opt/airflow/dags/NBAPlayer_Preference_DAG.py                           1           0  0.54s           2025-07-27T23:30:21
================================================================================
[2025-07-27T23:31:06.922+0000] {manager.py:828} INFO - 
================================================================================
DAG File Processing Stats

File Path                                      PID    Runtime      # DAGs    # Errors  Last Runtime    Last Run
---------------------------------------------  -----  ---------  --------  ----------  --------------  -------------------
/opt/airflow/dags/NBAPlayer_Preference_DAG.py                           1           0  0.55s           2025-07-27T23:30:52
================================================================================
[2025-07-27T23:31:37.088+0000] {manager.py:828} INFO - 
================================================================================
DAG File Processing Stats

File Path                                      PID    Runtime      # DAGs    # Errors  Last Runtime    Last Run
---------------------------------------------  -----  ---------  --------  ----------  --------------  -------------------
/opt/airflow/dags/NBAPlayer_Preference_DAG.py                           1           0  0.54s           2025-07-27T23:31:23
================================================================================
[2025-07-27T23:32:07.273+0000] {manager.py:828} INFO - 
================================================================================
DAG File Processing Stats

File Path                                      PID    Runtime      # DAGs    # Errors  Last Runtime    Last Run
---------------------------------------------  -----  ---------  --------  ----------  --------------  -------------------
/opt/airflow/dags/NBAPlayer_Preference_DAG.py                           1           0  0.53s           2025-07-27T23:31:53
================================================================================
[2025-07-27T23:32:37.448+0000] {manager.py:828} INFO - 
================================================================================
DAG File Processing Stats

File Path                                      PID    Runtime      # DAGs    # Errors  Last Runtime    Last Run
---------------------------------------------  -----  ---------  --------  ----------  --------------  -------------------
/opt/airflow/dags/NBAPlayer_Preference_DAG.py                           1           0  0.55s           2025-07-27T23:32:24
================================================================================
[2025-07-27T23:33:07.667+0000] {manager.py:828} INFO - 
================================================================================
DAG File Processing Stats

File Path                                      PID    Runtime      # DAGs    # Errors  Last Runtime    Last Run
---------------------------------------------  -----  ---------  --------  ----------  --------------  -------------------
/opt/airflow/dags/NBAPlayer_Preference_DAG.py                           1           0  0.55s           2025-07-27T23:32:55
================================================================================
[2025-07-27T23:33:37.833+0000] {manager.py:828} INFO - 
================================================================================
DAG File Processing Stats

File Path                                      PID    Runtime      # DAGs    # Errors  Last Runtime    Last Run
---------------------------------------------  -----  ---------  --------  ----------  --------------  -------------------
/opt/airflow/dags/NBAPlayer_Preference_DAG.py                           1           0  0.59s           2025-07-27T23:33:25
================================================================================
[2025-07-27T23:34:08.106+0000] {manager.py:828} INFO - 
================================================================================
DAG File Processing Stats

File Path                                      PID    Runtime      # DAGs    # Errors  Last Runtime    Last Run
---------------------------------------------  -----  ---------  --------  ----------  --------------  -------------------
/opt/airflow/dags/NBAPlayer_Preference_DAG.py                           1           0  0.54s           2025-07-27T23:33:56
================================================================================
[2025-07-27T23:34:38.291+0000] {manager.py:828} INFO - 
================================================================================
DAG File Processing Stats

File Path                                      PID    Runtime      # DAGs    # Errors  Last Runtime    Last Run
---------------------------------------------  -----  ---------  --------  ----------  --------------  -------------------
/opt/airflow/dags/NBAPlayer_Preference_DAG.py                           1           0  0.56s           2025-07-27T23:34:27
================================================================================
[2025-07-27T23:34:54.392+0000] {manager.py:709} INFO - Searching for files in /opt/airflow/dags
[2025-07-27T23:34:54.411+0000] {manager.py:712} INFO - There are 1 files in /opt/airflow/dags
[2025-07-27T23:35:08.606+0000] {manager.py:828} INFO - 
================================================================================
DAG File Processing Stats

File Path                                      PID    Runtime      # DAGs    # Errors  Last Runtime    Last Run
---------------------------------------------  -----  ---------  --------  ----------  --------------  -------------------
/opt/airflow/dags/NBAPlayer_Preference_DAG.py                           1           0  0.49s           2025-07-27T23:34:57
================================================================================
[2025-07-27T23:35:38.744+0000] {manager.py:828} INFO - 
================================================================================
DAG File Processing Stats

File Path                                      PID    Runtime      # DAGs    # Errors  Last Runtime    Last Run
---------------------------------------------  -----  ---------  --------  ----------  --------------  -------------------
/opt/airflow/dags/NBAPlayer_Preference_DAG.py                           1           0  0.55s           2025-07-27T23:35:28
================================================================================
[2025-07-27T23:36:08.928+0000] {manager.py:828} INFO - 
================================================================================
DAG File Processing Stats

File Path                                      PID    Runtime      # DAGs    # Errors  Last Runtime    Last Run
---------------------------------------------  -----  ---------  --------  ----------  --------------  -------------------
/opt/airflow/dags/NBAPlayer_Preference_DAG.py                           1           0  0.52s           2025-07-27T23:35:59
================================================================================
[2025-07-27T23:36:39.134+0000] {manager.py:828} INFO - 
================================================================================
DAG File Processing Stats

File Path                                      PID    Runtime      # DAGs    # Errors  Last Runtime    Last Run
---------------------------------------------  -----  ---------  --------  ----------  --------------  -------------------
/opt/airflow/dags/NBAPlayer_Preference_DAG.py                           1           0  0.62s           2025-07-27T23:36:30
================================================================================
[2025-07-27T23:37:09.392+0000] {manager.py:828} INFO - 
================================================================================
DAG File Processing Stats

File Path                                      PID    Runtime      # DAGs    # Errors  Last Runtime    Last Run
---------------------------------------------  -----  ---------  --------  ----------  --------------  -------------------
/opt/airflow/dags/NBAPlayer_Preference_DAG.py                           1           0  0.61s           2025-07-27T23:37:00
================================================================================
[2025-07-27T23:37:39.567+0000] {manager.py:828} INFO - 
================================================================================
DAG File Processing Stats

File Path                                      PID    Runtime      # DAGs    # Errors  Last Runtime    Last Run
---------------------------------------------  -----  ---------  --------  ----------  --------------  -------------------
/opt/airflow/dags/NBAPlayer_Preference_DAG.py                           1           0  0.60s           2025-07-27T23:37:31
================================================================================
[2025-07-27T23:38:09.878+0000] {manager.py:828} INFO - 
================================================================================
DAG File Processing Stats

File Path                                      PID    Runtime      # DAGs    # Errors  Last Runtime    Last Run
---------------------------------------------  -----  ---------  --------  ----------  --------------  -------------------
/opt/airflow/dags/NBAPlayer_Preference_DAG.py                           1           0  0.62s           2025-07-27T23:38:02
================================================================================
[2025-07-27T23:38:40.049+0000] {manager.py:828} INFO - 
================================================================================
DAG File Processing Stats

File Path                                      PID    Runtime      # DAGs    # Errors  Last Runtime    Last Run
---------------------------------------------  -----  ---------  --------  ----------  --------------  -------------------
/opt/airflow/dags/NBAPlayer_Preference_DAG.py                           1           0  0.64s           2025-07-27T23:38:33
================================================================================
[2025-07-27T23:39:10.383+0000] {manager.py:828} INFO - 
================================================================================
DAG File Processing Stats

File Path                                      PID    Runtime      # DAGs    # Errors  Last Runtime    Last Run
---------------------------------------------  -----  ---------  --------  ----------  --------------  -------------------
/opt/airflow/dags/NBAPlayer_Preference_DAG.py                           1           0  0.52s           2025-07-27T23:39:03
================================================================================
[2025-07-27T23:39:40.470+0000] {manager.py:828} INFO - 
================================================================================
DAG File Processing Stats

File Path                                      PID    Runtime      # DAGs    # Errors  Last Runtime    Last Run
---------------------------------------------  -----  ---------  --------  ----------  --------------  -------------------
/opt/airflow/dags/NBAPlayer_Preference_DAG.py                           1           0  0.55s           2025-07-27T23:39:34
================================================================================
[2025-07-27T23:39:54.563+0000] {manager.py:709} INFO - Searching for files in /opt/airflow/dags
[2025-07-27T23:39:54.580+0000] {manager.py:712} INFO - There are 1 files in /opt/airflow/dags
[2025-07-27T23:40:11.162+0000] {manager.py:828} INFO - 
================================================================================
DAG File Processing Stats

File Path                                      PID    Runtime      # DAGs    # Errors  Last Runtime    Last Run
---------------------------------------------  -----  ---------  --------  ----------  --------------  -------------------
/opt/airflow/dags/NBAPlayer_Preference_DAG.py                           1           0  0.53s           2025-07-27T23:40:05
================================================================================
[2025-07-27T23:40:41.518+0000] {manager.py:828} INFO - 
================================================================================
DAG File Processing Stats

File Path                                      PID    Runtime      # DAGs    # Errors  Last Runtime    Last Run
---------------------------------------------  -----  ---------  --------  ----------  --------------  -------------------
/opt/airflow/dags/NBAPlayer_Preference_DAG.py                           1           0  0.68s           2025-07-27T23:40:36
================================================================================
[2025-07-27T23:41:11.688+0000] {manager.py:828} INFO - 
================================================================================
DAG File Processing Stats

File Path                                      PID    Runtime      # DAGs    # Errors  Last Runtime    Last Run
---------------------------------------------  -----  ---------  --------  ----------  --------------  -------------------
/opt/airflow/dags/NBAPlayer_Preference_DAG.py                           1           0  1.49s           2025-07-27T23:41:07
================================================================================
[2025-07-27T23:41:41.964+0000] {manager.py:828} INFO - 
================================================================================
DAG File Processing Stats

File Path                                      PID    Runtime      # DAGs    # Errors  Last Runtime    Last Run
---------------------------------------------  -----  ---------  --------  ----------  --------------  -------------------
/opt/airflow/dags/NBAPlayer_Preference_DAG.py                           1           0  0.56s           2025-07-27T23:41:38
================================================================================
[2025-07-27T23:42:12.156+0000] {manager.py:828} INFO - 
================================================================================
DAG File Processing Stats

File Path                                      PID    Runtime      # DAGs    # Errors  Last Runtime    Last Run
---------------------------------------------  -----  ---------  --------  ----------  --------------  -------------------
/opt/airflow/dags/NBAPlayer_Preference_DAG.py                           1           0  0.72s           2025-07-27T23:42:09
================================================================================
[2025-07-27T23:42:42.465+0000] {manager.py:828} INFO - 
================================================================================
DAG File Processing Stats

File Path                                      PID    Runtime      # DAGs    # Errors  Last Runtime    Last Run
---------------------------------------------  -----  ---------  --------  ----------  --------------  -------------------
/opt/airflow/dags/NBAPlayer_Preference_DAG.py                           1           0  0.54s           2025-07-27T23:42:39
================================================================================
[2025-07-27T23:43:12.702+0000] {manager.py:828} INFO - 
================================================================================
DAG File Processing Stats

File Path                                      PID    Runtime      # DAGs    # Errors  Last Runtime    Last Run
---------------------------------------------  -----  ---------  --------  ----------  --------------  -------------------
/opt/airflow/dags/NBAPlayer_Preference_DAG.py                           1           0  0.63s           2025-07-27T23:43:10
================================================================================
[2025-07-27T23:43:42.946+0000] {manager.py:828} INFO - 
================================================================================
DAG File Processing Stats

File Path                                      PID    Runtime      # DAGs    # Errors  Last Runtime    Last Run
---------------------------------------------  -----  ---------  --------  ----------  --------------  -------------------
/opt/airflow/dags/NBAPlayer_Preference_DAG.py                           1           0  0.45s           2025-07-27T23:43:41
================================================================================
[2025-07-27T23:44:12.989+0000] {manager.py:828} INFO - 
================================================================================
DAG File Processing Stats

File Path                                      PID    Runtime      # DAGs    # Errors  Last Runtime    Last Run
---------------------------------------------  -----  ---------  --------  ----------  --------------  -------------------
/opt/airflow/dags/NBAPlayer_Preference_DAG.py                           1           0  0.47s           2025-07-27T23:44:11
================================================================================
[2025-07-27T23:44:43.183+0000] {manager.py:828} INFO - 
================================================================================
DAG File Processing Stats

File Path                                      PID    Runtime      # DAGs    # Errors  Last Runtime    Last Run
---------------------------------------------  -----  ---------  --------  ----------  --------------  -------------------
/opt/airflow/dags/NBAPlayer_Preference_DAG.py                           1           0  0.49s           2025-07-27T23:44:42
================================================================================
[2025-07-27T23:44:54.681+0000] {manager.py:709} INFO - Searching for files in /opt/airflow/dags
[2025-07-27T23:44:54.687+0000] {manager.py:712} INFO - There are 1 files in /opt/airflow/dags
[2025-07-27T23:45:13.270+0000] {manager.py:828} INFO - 
================================================================================
DAG File Processing Stats

File Path                                      PID    Runtime      # DAGs    # Errors  Last Runtime    Last Run
---------------------------------------------  -----  ---------  --------  ----------  --------------  -------------------
/opt/airflow/dags/NBAPlayer_Preference_DAG.py                           1           0  0.49s           2025-07-27T23:45:13
================================================================================
[2025-07-27T23:45:43.482+0000] {manager.py:828} INFO - 
================================================================================
DAG File Processing Stats

File Path                                        PID  Runtime      # DAGs    # Errors  Last Runtime    Last Run
---------------------------------------------  -----  ---------  --------  ----------  --------------  -------------------
/opt/airflow/dags/NBAPlayer_Preference_DAG.py    734  0.03s             1           0  0.49s           2025-07-27T23:45:13
================================================================================
[2025-07-27T23:46:14.069+0000] {manager.py:828} INFO - 
================================================================================
DAG File Processing Stats

File Path                                      PID    Runtime      # DAGs    # Errors  Last Runtime    Last Run
---------------------------------------------  -----  ---------  --------  ----------  --------------  -------------------
/opt/airflow/dags/NBAPlayer_Preference_DAG.py                           1           0  0.78s           2025-07-27T23:45:44
================================================================================
[2025-07-27T23:46:44.112+0000] {manager.py:828} INFO - 
================================================================================
DAG File Processing Stats

File Path                                      PID    Runtime      # DAGs    # Errors  Last Runtime    Last Run
---------------------------------------------  -----  ---------  --------  ----------  --------------  -------------------
/opt/airflow/dags/NBAPlayer_Preference_DAG.py                           1           0  0.55s           2025-07-27T23:46:14
================================================================================
[2025-07-27T23:47:14.388+0000] {manager.py:828} INFO - 
================================================================================
DAG File Processing Stats

File Path                                      PID    Runtime      # DAGs    # Errors  Last Runtime    Last Run
---------------------------------------------  -----  ---------  --------  ----------  --------------  -------------------
/opt/airflow/dags/NBAPlayer_Preference_DAG.py                           1           0  1.31s           2025-07-27T23:46:46
================================================================================
[2025-07-27T23:47:44.811+0000] {manager.py:828} INFO - 
================================================================================
DAG File Processing Stats

File Path                                      PID    Runtime      # DAGs    # Errors  Last Runtime    Last Run
---------------------------------------------  -----  ---------  --------  ----------  --------------  -------------------
/opt/airflow/dags/NBAPlayer_Preference_DAG.py                           1           0  0.49s           2025-07-27T23:47:17
================================================================================
[2025-07-27T23:48:15.039+0000] {manager.py:828} INFO - 
================================================================================
DAG File Processing Stats

File Path                                      PID    Runtime      # DAGs    # Errors  Last Runtime    Last Run
---------------------------------------------  -----  ---------  --------  ----------  --------------  -------------------
/opt/airflow/dags/NBAPlayer_Preference_DAG.py                           1           0  0.60s           2025-07-27T23:47:47
================================================================================
[2025-07-27T23:48:45.279+0000] {manager.py:828} INFO - 
================================================================================
DAG File Processing Stats

File Path                                      PID    Runtime      # DAGs    # Errors  Last Runtime    Last Run
---------------------------------------------  -----  ---------  --------  ----------  --------------  -------------------
/opt/airflow/dags/NBAPlayer_Preference_DAG.py                           1           0  0.59s           2025-07-27T23:48:18
================================================================================
[2025-07-27T23:49:15.463+0000] {manager.py:828} INFO - 
================================================================================
DAG File Processing Stats

File Path                                      PID    Runtime      # DAGs    # Errors  Last Runtime    Last Run
---------------------------------------------  -----  ---------  --------  ----------  --------------  -------------------
/opt/airflow/dags/NBAPlayer_Preference_DAG.py                           1           0  1.00s           2025-07-27T23:48:49
================================================================================
[2025-07-27T23:49:45.620+0000] {manager.py:828} INFO - 
================================================================================
DAG File Processing Stats

File Path                                      PID    Runtime      # DAGs    # Errors  Last Runtime    Last Run
---------------------------------------------  -----  ---------  --------  ----------  --------------  -------------------
/opt/airflow/dags/NBAPlayer_Preference_DAG.py                           1           0  0.53s           2025-07-27T23:49:20
================================================================================
[2025-07-27T23:49:54.749+0000] {manager.py:709} INFO - Searching for files in /opt/airflow/dags
[2025-07-27T23:49:54.758+0000] {manager.py:712} INFO - There are 1 files in /opt/airflow/dags
[2025-07-27T23:50:15.906+0000] {manager.py:828} INFO - 
================================================================================
DAG File Processing Stats

File Path                                      PID    Runtime      # DAGs    # Errors  Last Runtime    Last Run
---------------------------------------------  -----  ---------  --------  ----------  --------------  -------------------
/opt/airflow/dags/NBAPlayer_Preference_DAG.py                           1           0  1.08s           2025-07-27T23:49:51
================================================================================
[2025-07-27T23:50:46.113+0000] {manager.py:828} INFO - 
================================================================================
DAG File Processing Stats

File Path                                      PID    Runtime      # DAGs    # Errors  Last Runtime    Last Run
---------------------------------------------  -----  ---------  --------  ----------  --------------  -------------------
/opt/airflow/dags/NBAPlayer_Preference_DAG.py                           1           0  0.58s           2025-07-27T23:50:22
================================================================================
[2025-07-27T23:51:16.350+0000] {manager.py:828} INFO - 
================================================================================
DAG File Processing Stats

File Path                                      PID    Runtime      # DAGs    # Errors  Last Runtime    Last Run
---------------------------------------------  -----  ---------  --------  ----------  --------------  -------------------
/opt/airflow/dags/NBAPlayer_Preference_DAG.py                           1           0  0.55s           2025-07-27T23:50:53
================================================================================
[2025-07-27T23:51:46.596+0000] {manager.py:828} INFO - 
================================================================================
DAG File Processing Stats

File Path                                      PID    Runtime      # DAGs    # Errors  Last Runtime    Last Run
---------------------------------------------  -----  ---------  --------  ----------  --------------  -------------------
/opt/airflow/dags/NBAPlayer_Preference_DAG.py                           1           0  0.53s           2025-07-27T23:51:23
================================================================================
[2025-07-27T23:52:16.785+0000] {manager.py:828} INFO - 
================================================================================
DAG File Processing Stats

File Path                                      PID    Runtime      # DAGs    # Errors  Last Runtime    Last Run
---------------------------------------------  -----  ---------  --------  ----------  --------------  -------------------
/opt/airflow/dags/NBAPlayer_Preference_DAG.py                           1           0  0.80s           2025-07-27T23:51:54
================================================================================
[2025-07-27T23:52:47.179+0000] {manager.py:828} INFO - 
================================================================================
DAG File Processing Stats

File Path                                      PID    Runtime      # DAGs    # Errors  Last Runtime    Last Run
---------------------------------------------  -----  ---------  --------  ----------  --------------  -------------------
/opt/airflow/dags/NBAPlayer_Preference_DAG.py                           1           0  0.54s           2025-07-27T23:52:25
================================================================================
[2025-07-27T23:53:17.422+0000] {manager.py:828} INFO - 
================================================================================
DAG File Processing Stats

File Path                                      PID    Runtime      # DAGs    # Errors  Last Runtime    Last Run
---------------------------------------------  -----  ---------  --------  ----------  --------------  -------------------
/opt/airflow/dags/NBAPlayer_Preference_DAG.py                           1           0  0.55s           2025-07-27T23:52:56
================================================================================
[2025-07-27T23:53:47.515+0000] {manager.py:828} INFO - 
================================================================================
DAG File Processing Stats

File Path                                      PID    Runtime      # DAGs    # Errors  Last Runtime    Last Run
---------------------------------------------  -----  ---------  --------  ----------  --------------  -------------------
/opt/airflow/dags/NBAPlayer_Preference_DAG.py                           1           0  0.82s           2025-07-27T23:53:27
================================================================================
[2025-07-27T23:54:17.888+0000] {manager.py:828} INFO - 
================================================================================
DAG File Processing Stats

File Path                                      PID    Runtime      # DAGs    # Errors  Last Runtime    Last Run
---------------------------------------------  -----  ---------  --------  ----------  --------------  -------------------
/opt/airflow/dags/NBAPlayer_Preference_DAG.py                           1           0  0.62s           2025-07-27T23:53:58
================================================================================
[2025-07-27T23:54:47.995+0000] {manager.py:828} INFO - 
================================================================================
DAG File Processing Stats

File Path                                      PID    Runtime      # DAGs    # Errors  Last Runtime    Last Run
---------------------------------------------  -----  ---------  --------  ----------  --------------  -------------------
/opt/airflow/dags/NBAPlayer_Preference_DAG.py                           1           0  0.52s           2025-07-27T23:54:28
================================================================================
[2025-07-27T23:54:55.037+0000] {manager.py:709} INFO - Searching for files in /opt/airflow/dags
[2025-07-27T23:54:55.053+0000] {manager.py:712} INFO - There are 1 files in /opt/airflow/dags
[2025-07-27T23:55:18.156+0000] {manager.py:828} INFO - 
================================================================================
DAG File Processing Stats

File Path                                      PID    Runtime      # DAGs    # Errors  Last Runtime    Last Run
---------------------------------------------  -----  ---------  --------  ----------  --------------  -------------------
/opt/airflow/dags/NBAPlayer_Preference_DAG.py                           1           0  0.85s           2025-07-27T23:54:59
================================================================================
[2025-07-27T23:55:48.886+0000] {manager.py:828} INFO - 
================================================================================
DAG File Processing Stats

File Path                                      PID    Runtime      # DAGs    # Errors  Last Runtime    Last Run
---------------------------------------------  -----  ---------  --------  ----------  --------------  -------------------
/opt/airflow/dags/NBAPlayer_Preference_DAG.py                           1           0  0.63s           2025-07-27T23:55:30
================================================================================
[2025-07-27T23:56:19.092+0000] {manager.py:828} INFO - 
================================================================================
DAG File Processing Stats

File Path                                      PID    Runtime      # DAGs    # Errors  Last Runtime    Last Run
---------------------------------------------  -----  ---------  --------  ----------  --------------  -------------------
/opt/airflow/dags/NBAPlayer_Preference_DAG.py                           1           0  0.61s           2025-07-27T23:56:01
================================================================================
[2025-07-27T23:56:49.213+0000] {manager.py:828} INFO - 
================================================================================
DAG File Processing Stats

File Path                                      PID    Runtime      # DAGs    # Errors  Last Runtime    Last Run
---------------------------------------------  -----  ---------  --------  ----------  --------------  -------------------
/opt/airflow/dags/NBAPlayer_Preference_DAG.py                           1           0  0.60s           2025-07-27T23:56:32
================================================================================
[2025-07-27T23:57:19.322+0000] {manager.py:828} INFO - 
================================================================================
DAG File Processing Stats

File Path                                      PID    Runtime      # DAGs    # Errors  Last Runtime    Last Run
---------------------------------------------  -----  ---------  --------  ----------  --------------  -------------------
/opt/airflow/dags/NBAPlayer_Preference_DAG.py                           1           0  0.55s           2025-07-27T23:57:03
================================================================================
[2025-07-27T23:57:50.018+0000] {manager.py:828} INFO - 
================================================================================
DAG File Processing Stats

File Path                                      PID    Runtime      # DAGs    # Errors  Last Runtime    Last Run
---------------------------------------------  -----  ---------  --------  ----------  --------------  -------------------
/opt/airflow/dags/NBAPlayer_Preference_DAG.py                           1           0  0.55s           2025-07-27T23:57:33
================================================================================
[2025-07-27T23:58:20.270+0000] {manager.py:828} INFO - 
================================================================================
DAG File Processing Stats

File Path                                      PID    Runtime      # DAGs    # Errors  Last Runtime    Last Run
---------------------------------------------  -----  ---------  --------  ----------  --------------  -------------------
/opt/airflow/dags/NBAPlayer_Preference_DAG.py                           1           0  0.54s           2025-07-27T23:58:04
================================================================================
[2025-07-27T23:58:50.391+0000] {manager.py:828} INFO - 
================================================================================
DAG File Processing Stats

File Path                                      PID    Runtime      # DAGs    # Errors  Last Runtime    Last Run
---------------------------------------------  -----  ---------  --------  ----------  --------------  -------------------
/opt/airflow/dags/NBAPlayer_Preference_DAG.py                           1           0  0.50s           2025-07-27T23:58:35
================================================================================
[2025-07-27T23:59:21.117+0000] {manager.py:828} INFO - 
================================================================================
DAG File Processing Stats

File Path                                      PID    Runtime      # DAGs    # Errors  Last Runtime    Last Run
---------------------------------------------  -----  ---------  --------  ----------  --------------  -------------------
/opt/airflow/dags/NBAPlayer_Preference_DAG.py                           1           0  0.53s           2025-07-27T23:59:06
================================================================================
[2025-07-27T23:59:51.337+0000] {manager.py:828} INFO - 
================================================================================
DAG File Processing Stats

File Path                                      PID    Runtime      # DAGs    # Errors  Last Runtime    Last Run
---------------------------------------------  -----  ---------  --------  ----------  --------------  -------------------
/opt/airflow/dags/NBAPlayer_Preference_DAG.py                           1           0  0.51s           2025-07-27T23:59:36
================================================================================
[2025-07-27T23:59:55.363+0000] {manager.py:709} INFO - Searching for files in /opt/airflow/dags
[2025-07-27T23:59:55.374+0000] {manager.py:712} INFO - There are 1 files in /opt/airflow/dags
[2025-07-28T00:00:21.418+0000] {manager.py:828} INFO - 
================================================================================
DAG File Processing Stats

File Path                                      PID    Runtime      # DAGs    # Errors  Last Runtime    Last Run
---------------------------------------------  -----  ---------  --------  ----------  --------------  -------------------
/opt/airflow/dags/NBAPlayer_Preference_DAG.py                           1           0  0.48s           2025-07-28T00:00:07
================================================================================
[2025-07-28T00:00:52.075+0000] {manager.py:828} INFO - 
================================================================================
DAG File Processing Stats

File Path                                      PID    Runtime      # DAGs    # Errors  Last Runtime    Last Run
---------------------------------------------  -----  ---------  --------  ----------  --------------  -------------------
/opt/airflow/dags/NBAPlayer_Preference_DAG.py                           1           0  0.51s           2025-07-28T00:00:38
================================================================================
[2025-07-28T00:01:22.314+0000] {manager.py:828} INFO - 
================================================================================
DAG File Processing Stats

File Path                                      PID    Runtime      # DAGs    # Errors  Last Runtime    Last Run
---------------------------------------------  -----  ---------  --------  ----------  --------------  -------------------
/opt/airflow/dags/NBAPlayer_Preference_DAG.py                           1           0  0.50s           2025-07-28T00:01:08
================================================================================
[2025-07-28T00:01:52.498+0000] {manager.py:828} INFO - 
================================================================================
DAG File Processing Stats

File Path                                      PID    Runtime      # DAGs    # Errors  Last Runtime    Last Run
---------------------------------------------  -----  ---------  --------  ----------  --------------  -------------------
/opt/airflow/dags/NBAPlayer_Preference_DAG.py                           1           0  0.57s           2025-07-28T00:01:39
================================================================================
[2025-07-28T00:02:22.725+0000] {manager.py:828} INFO - 
================================================================================
DAG File Processing Stats

File Path                                      PID    Runtime      # DAGs    # Errors  Last Runtime    Last Run
---------------------------------------------  -----  ---------  --------  ----------  --------------  -------------------
/opt/airflow/dags/NBAPlayer_Preference_DAG.py                           1           0  0.52s           2025-07-28T00:02:10
================================================================================
[2025-07-28T00:02:52.945+0000] {manager.py:828} INFO - 
================================================================================
DAG File Processing Stats

File Path                                      PID    Runtime      # DAGs    # Errors  Last Runtime    Last Run
---------------------------------------------  -----  ---------  --------  ----------  --------------  -------------------
/opt/airflow/dags/NBAPlayer_Preference_DAG.py                           1           0  0.53s           2025-07-28T00:02:40
================================================================================
[2025-07-28T00:03:23.242+0000] {manager.py:828} INFO - 
================================================================================
DAG File Processing Stats

File Path                                      PID    Runtime      # DAGs    # Errors  Last Runtime    Last Run
---------------------------------------------  -----  ---------  --------  ----------  --------------  -------------------
/opt/airflow/dags/NBAPlayer_Preference_DAG.py                           1           0  0.58s           2025-07-28T00:03:11
================================================================================
[2025-07-28T00:03:53.441+0000] {manager.py:828} INFO - 
================================================================================
DAG File Processing Stats

File Path                                      PID    Runtime      # DAGs    # Errors  Last Runtime    Last Run
---------------------------------------------  -----  ---------  --------  ----------  --------------  -------------------
/opt/airflow/dags/NBAPlayer_Preference_DAG.py                           1           0  0.59s           2025-07-28T00:03:42
================================================================================
[2025-07-28T00:04:23.663+0000] {manager.py:828} INFO - 
================================================================================
DAG File Processing Stats

File Path                                      PID    Runtime      # DAGs    # Errors  Last Runtime    Last Run
---------------------------------------------  -----  ---------  --------  ----------  --------------  -------------------
/opt/airflow/dags/NBAPlayer_Preference_DAG.py                           1           0  0.54s           2025-07-28T00:04:13
================================================================================
[2025-07-28T00:04:53.872+0000] {manager.py:828} INFO - 
================================================================================
DAG File Processing Stats

File Path                                      PID    Runtime      # DAGs    # Errors  Last Runtime    Last Run
---------------------------------------------  -----  ---------  --------  ----------  --------------  -------------------
/opt/airflow/dags/NBAPlayer_Preference_DAG.py                           1           0  0.65s           2025-07-28T00:04:43
================================================================================
[2025-07-28T00:04:55.889+0000] {manager.py:709} INFO - Searching for files in /opt/airflow/dags
[2025-07-28T00:04:55.902+0000] {manager.py:712} INFO - There are 1 files in /opt/airflow/dags
[2025-07-28T00:05:24.179+0000] {manager.py:828} INFO - 
================================================================================
DAG File Processing Stats

File Path                                      PID    Runtime      # DAGs    # Errors  Last Runtime    Last Run
---------------------------------------------  -----  ---------  --------  ----------  --------------  -------------------
/opt/airflow/dags/NBAPlayer_Preference_DAG.py                           1           0  0.50s           2025-07-28T00:05:14
================================================================================
[2025-07-28T00:05:54.331+0000] {manager.py:828} INFO - 
================================================================================
DAG File Processing Stats

File Path                                      PID    Runtime      # DAGs    # Errors  Last Runtime    Last Run
---------------------------------------------  -----  ---------  --------  ----------  --------------  -------------------
/opt/airflow/dags/NBAPlayer_Preference_DAG.py                           1           0  0.61s           2025-07-28T00:05:45
================================================================================
[2025-07-28T00:06:24.535+0000] {manager.py:828} INFO - 
================================================================================
DAG File Processing Stats

File Path                                      PID    Runtime      # DAGs    # Errors  Last Runtime    Last Run
---------------------------------------------  -----  ---------  --------  ----------  --------------  -------------------
/opt/airflow/dags/NBAPlayer_Preference_DAG.py                           1           0  0.50s           2025-07-28T00:06:15
================================================================================
[2025-07-28T00:06:54.704+0000] {manager.py:828} INFO - 
================================================================================
DAG File Processing Stats

File Path                                      PID    Runtime      # DAGs    # Errors  Last Runtime    Last Run
---------------------------------------------  -----  ---------  --------  ----------  --------------  -------------------
/opt/airflow/dags/NBAPlayer_Preference_DAG.py                           1           0  0.59s           2025-07-28T00:06:46
================================================================================
[2025-07-28T00:07:24.977+0000] {manager.py:828} INFO - 
================================================================================
DAG File Processing Stats

File Path                                      PID    Runtime      # DAGs    # Errors  Last Runtime    Last Run
---------------------------------------------  -----  ---------  --------  ----------  --------------  -------------------
/opt/airflow/dags/NBAPlayer_Preference_DAG.py                           1           0  0.58s           2025-07-28T00:07:17
================================================================================
[2025-07-28T00:07:55.195+0000] {manager.py:828} INFO - 
================================================================================
DAG File Processing Stats

File Path                                      PID    Runtime      # DAGs    # Errors  Last Runtime    Last Run
---------------------------------------------  -----  ---------  --------  ----------  --------------  -------------------
/opt/airflow/dags/NBAPlayer_Preference_DAG.py                           1           0  0.57s           2025-07-28T00:07:48
================================================================================
[2025-07-28T00:08:25.456+0000] {manager.py:828} INFO - 
================================================================================
DAG File Processing Stats

File Path                                      PID    Runtime      # DAGs    # Errors  Last Runtime    Last Run
---------------------------------------------  -----  ---------  --------  ----------  --------------  -------------------
/opt/airflow/dags/NBAPlayer_Preference_DAG.py                           1           0  0.58s           2025-07-28T00:08:18
================================================================================
[2025-07-28T00:08:55.642+0000] {manager.py:828} INFO - 
================================================================================
DAG File Processing Stats

File Path                                      PID    Runtime      # DAGs    # Errors  Last Runtime    Last Run
---------------------------------------------  -----  ---------  --------  ----------  --------------  -------------------
/opt/airflow/dags/NBAPlayer_Preference_DAG.py                           1           0  0.62s           2025-07-28T00:08:49
================================================================================
[2025-07-28T00:09:26.143+0000] {manager.py:828} INFO - 
================================================================================
DAG File Processing Stats

File Path                                      PID    Runtime      # DAGs    # Errors  Last Runtime    Last Run
---------------------------------------------  -----  ---------  --------  ----------  --------------  -------------------
/opt/airflow/dags/NBAPlayer_Preference_DAG.py                           1           0  0.71s           2025-07-28T00:09:20
================================================================================
[2025-07-28T00:09:56.260+0000] {manager.py:709} INFO - Searching for files in /opt/airflow/dags
[2025-07-28T00:09:56.273+0000] {manager.py:712} INFO - There are 1 files in /opt/airflow/dags
[2025-07-28T00:09:56.306+0000] {manager.py:828} INFO - 
================================================================================
DAG File Processing Stats

File Path                                      PID    Runtime      # DAGs    # Errors  Last Runtime    Last Run
---------------------------------------------  -----  ---------  --------  ----------  --------------  -------------------
/opt/airflow/dags/NBAPlayer_Preference_DAG.py                           1           0  0.56s           2025-07-28T00:09:51
================================================================================
[2025-07-28T00:10:26.932+0000] {manager.py:828} INFO - 
================================================================================
DAG File Processing Stats

File Path                                      PID    Runtime      # DAGs    # Errors  Last Runtime    Last Run
---------------------------------------------  -----  ---------  --------  ----------  --------------  -------------------
/opt/airflow/dags/NBAPlayer_Preference_DAG.py                           1           0  0.65s           2025-07-28T00:10:22
================================================================================
[2025-07-28T00:10:57.276+0000] {manager.py:828} INFO - 
================================================================================
DAG File Processing Stats

File Path                                      PID    Runtime      # DAGs    # Errors  Last Runtime    Last Run
---------------------------------------------  -----  ---------  --------  ----------  --------------  -------------------
/opt/airflow/dags/NBAPlayer_Preference_DAG.py                           1           0  0.55s           2025-07-28T00:10:52
================================================================================
[2025-07-28T00:11:27.489+0000] {manager.py:828} INFO - 
================================================================================
DAG File Processing Stats

File Path                                      PID    Runtime      # DAGs    # Errors  Last Runtime    Last Run
---------------------------------------------  -----  ---------  --------  ----------  --------------  -------------------
/opt/airflow/dags/NBAPlayer_Preference_DAG.py                           1           0  0.57s           2025-07-28T00:11:23
================================================================================
[2025-07-28T00:11:57.754+0000] {manager.py:828} INFO - 
================================================================================
DAG File Processing Stats

File Path                                      PID    Runtime      # DAGs    # Errors  Last Runtime    Last Run
---------------------------------------------  -----  ---------  --------  ----------  --------------  -------------------
/opt/airflow/dags/NBAPlayer_Preference_DAG.py                           1           0  0.56s           2025-07-28T00:11:54
================================================================================
[2025-07-28T00:12:27.948+0000] {manager.py:828} INFO - 
================================================================================
DAG File Processing Stats

File Path                                      PID    Runtime      # DAGs    # Errors  Last Runtime    Last Run
---------------------------------------------  -----  ---------  --------  ----------  --------------  -------------------
/opt/airflow/dags/NBAPlayer_Preference_DAG.py                           1           0  0.57s           2025-07-28T00:12:24
================================================================================
[2025-07-28T00:12:58.219+0000] {manager.py:828} INFO - 
================================================================================
DAG File Processing Stats

File Path                                      PID    Runtime      # DAGs    # Errors  Last Runtime    Last Run
---------------------------------------------  -----  ---------  --------  ----------  --------------  -------------------
/opt/airflow/dags/NBAPlayer_Preference_DAG.py                           1           0  0.60s           2025-07-28T00:12:55
================================================================================
[2025-07-28T00:13:28.441+0000] {manager.py:828} INFO - 
================================================================================
DAG File Processing Stats

File Path                                      PID    Runtime      # DAGs    # Errors  Last Runtime    Last Run
---------------------------------------------  -----  ---------  --------  ----------  --------------  -------------------
/opt/airflow/dags/NBAPlayer_Preference_DAG.py                           1           0  0.66s           2025-07-28T00:13:26
================================================================================
[2025-07-28T00:13:58.806+0000] {manager.py:828} INFO - 
================================================================================
DAG File Processing Stats

File Path                                      PID    Runtime      # DAGs    # Errors  Last Runtime    Last Run
---------------------------------------------  -----  ---------  --------  ----------  --------------  -------------------
/opt/airflow/dags/NBAPlayer_Preference_DAG.py                           1           0  0.55s           2025-07-28T00:13:57
================================================================================
[2025-07-28T00:14:28.927+0000] {manager.py:828} INFO - 
================================================================================
DAG File Processing Stats

File Path                                      PID    Runtime      # DAGs    # Errors  Last Runtime    Last Run
---------------------------------------------  -----  ---------  --------  ----------  --------------  -------------------
/opt/airflow/dags/NBAPlayer_Preference_DAG.py                           1           0  0.56s           2025-07-28T00:14:27
================================================================================
[2025-07-28T00:14:56.541+0000] {manager.py:709} INFO - Searching for files in /opt/airflow/dags
[2025-07-28T00:14:56.563+0000] {manager.py:712} INFO - There are 1 files in /opt/airflow/dags
[2025-07-28T00:14:59.097+0000] {manager.py:828} INFO - 
================================================================================
DAG File Processing Stats

File Path                                      PID    Runtime      # DAGs    # Errors  Last Runtime    Last Run
---------------------------------------------  -----  ---------  --------  ----------  --------------  -------------------
/opt/airflow/dags/NBAPlayer_Preference_DAG.py                           1           0  0.51s           2025-07-28T00:14:58
================================================================================
[2025-07-28T00:15:29.280+0000] {manager.py:828} INFO - 
================================================================================
DAG File Processing Stats

File Path                                        PID  Runtime      # DAGs    # Errors  Last Runtime    Last Run
---------------------------------------------  -----  ---------  --------  ----------  --------------  -------------------
/opt/airflow/dags/NBAPlayer_Preference_DAG.py   1082  0.53s             1           0  0.51s           2025-07-28T00:14:58
================================================================================
[2025-07-28T00:15:59.513+0000] {manager.py:828} INFO - 
================================================================================
DAG File Processing Stats

File Path                                        PID  Runtime      # DAGs    # Errors  Last Runtime    Last Run
---------------------------------------------  -----  ---------  --------  ----------  --------------  -------------------
/opt/airflow/dags/NBAPlayer_Preference_DAG.py   1088  0.05s             1           0  0.60s           2025-07-28T00:15:29
================================================================================
[2025-07-28T00:16:29.673+0000] {manager.py:828} INFO - 
================================================================================
DAG File Processing Stats

File Path                                      PID    Runtime      # DAGs    # Errors  Last Runtime    Last Run
---------------------------------------------  -----  ---------  --------  ----------  --------------  -------------------
/opt/airflow/dags/NBAPlayer_Preference_DAG.py                           1           0  0.67s           2025-07-28T00:16:00
================================================================================
[2025-07-28T00:16:59.860+0000] {manager.py:828} INFO - 
================================================================================
DAG File Processing Stats

File Path                                      PID    Runtime      # DAGs    # Errors  Last Runtime    Last Run
---------------------------------------------  -----  ---------  --------  ----------  --------------  -------------------
/opt/airflow/dags/NBAPlayer_Preference_DAG.py                           1           0  0.58s           2025-07-28T00:16:30
================================================================================
[2025-07-28T00:17:30.216+0000] {manager.py:828} INFO - 
================================================================================
DAG File Processing Stats

File Path                                      PID    Runtime      # DAGs    # Errors  Last Runtime    Last Run
---------------------------------------------  -----  ---------  --------  ----------  --------------  -------------------
/opt/airflow/dags/NBAPlayer_Preference_DAG.py                           1           0  0.56s           2025-07-28T00:17:01
================================================================================
[2025-07-28T00:18:00.405+0000] {manager.py:828} INFO - 
================================================================================
DAG File Processing Stats

File Path                                      PID    Runtime      # DAGs    # Errors  Last Runtime    Last Run
---------------------------------------------  -----  ---------  --------  ----------  --------------  -------------------
/opt/airflow/dags/NBAPlayer_Preference_DAG.py                           1           0  0.53s           2025-07-28T00:17:32
================================================================================
[2025-07-28T00:18:30.616+0000] {manager.py:828} INFO - 
================================================================================
DAG File Processing Stats

File Path                                      PID    Runtime      # DAGs    # Errors  Last Runtime    Last Run
---------------------------------------------  -----  ---------  --------  ----------  --------------  -------------------
/opt/airflow/dags/NBAPlayer_Preference_DAG.py                           1           0  0.98s           2025-07-28T00:18:03
================================================================================
[2025-07-28T00:19:00.815+0000] {manager.py:828} INFO - 
================================================================================
DAG File Processing Stats

File Path                                      PID    Runtime      # DAGs    # Errors  Last Runtime    Last Run
---------------------------------------------  -----  ---------  --------  ----------  --------------  -------------------
/opt/airflow/dags/NBAPlayer_Preference_DAG.py                           1           0  0.54s           2025-07-28T00:18:34
================================================================================
[2025-07-28T00:19:30.985+0000] {manager.py:828} INFO - 
================================================================================
DAG File Processing Stats

File Path                                      PID    Runtime      # DAGs    # Errors  Last Runtime    Last Run
---------------------------------------------  -----  ---------  --------  ----------  --------------  -------------------
/opt/airflow/dags/NBAPlayer_Preference_DAG.py                           1           0  0.55s           2025-07-28T00:19:04
================================================================================
[2025-07-28T00:19:57.256+0000] {manager.py:709} INFO - Searching for files in /opt/airflow/dags
[2025-07-28T00:19:57.276+0000] {manager.py:712} INFO - There are 1 files in /opt/airflow/dags
[2025-07-28T00:20:01.330+0000] {manager.py:828} INFO - 
================================================================================
DAG File Processing Stats

File Path                                      PID    Runtime      # DAGs    # Errors  Last Runtime    Last Run
---------------------------------------------  -----  ---------  --------  ----------  --------------  -------------------
/opt/airflow/dags/NBAPlayer_Preference_DAG.py                           1           0  0.41s           2025-07-28T00:19:35
================================================================================
[2025-07-28T00:20:31.776+0000] {manager.py:828} INFO - 
================================================================================
DAG File Processing Stats

File Path                                      PID    Runtime      # DAGs    # Errors  Last Runtime    Last Run
---------------------------------------------  -----  ---------  --------  ----------  --------------  -------------------
/opt/airflow/dags/NBAPlayer_Preference_DAG.py                           1           0  0.51s           2025-07-28T00:20:06
================================================================================
[2025-07-28T00:21:01.931+0000] {manager.py:828} INFO - 
================================================================================
DAG File Processing Stats

File Path                                      PID    Runtime      # DAGs    # Errors  Last Runtime    Last Run
---------------------------------------------  -----  ---------  --------  ----------  --------------  -------------------
/opt/airflow/dags/NBAPlayer_Preference_DAG.py                           1           0  0.51s           2025-07-28T00:20:36
================================================================================
[2025-07-28T00:21:32.621+0000] {manager.py:828} INFO - 
================================================================================
DAG File Processing Stats

File Path                                      PID    Runtime      # DAGs    # Errors  Last Runtime    Last Run
---------------------------------------------  -----  ---------  --------  ----------  --------------  -------------------
/opt/airflow/dags/NBAPlayer_Preference_DAG.py                           1           0  0.55s           2025-07-28T00:21:07
================================================================================
[2025-07-28T00:22:02.863+0000] {manager.py:828} INFO - 
================================================================================
DAG File Processing Stats

File Path                                      PID    Runtime      # DAGs    # Errors  Last Runtime    Last Run
---------------------------------------------  -----  ---------  --------  ----------  --------------  -------------------
/opt/airflow/dags/NBAPlayer_Preference_DAG.py                           1           0  0.47s           2025-07-28T00:21:38
================================================================================
[2025-07-28T00:22:33.451+0000] {manager.py:828} INFO - 
================================================================================
DAG File Processing Stats

File Path                                      PID    Runtime      # DAGs    # Errors  Last Runtime    Last Run
---------------------------------------------  -----  ---------  --------  ----------  --------------  -------------------
/opt/airflow/dags/NBAPlayer_Preference_DAG.py                           1           0  0.29s           2025-07-28T00:22:08
================================================================================
[2025-07-28T00:23:03.873+0000] {manager.py:828} INFO - 
================================================================================
DAG File Processing Stats

File Path                                      PID    Runtime      # DAGs    # Errors  Last Runtime    Last Run
---------------------------------------------  -----  ---------  --------  ----------  --------------  -------------------
/opt/airflow/dags/NBAPlayer_Preference_DAG.py                           1           0  0.32s           2025-07-28T00:22:39
================================================================================
[2025-07-28T00:23:34.330+0000] {manager.py:828} INFO - 
================================================================================
DAG File Processing Stats

File Path                                      PID    Runtime      # DAGs    # Errors  Last Runtime    Last Run
---------------------------------------------  -----  ---------  --------  ----------  --------------  -------------------
/opt/airflow/dags/NBAPlayer_Preference_DAG.py                           1           0  0.28s           2025-07-28T00:23:09
================================================================================
