[2025-07-28T00:00:06.920+0000] {processor.py:153} INFO - Started process (PID=902) to work on /opt/airflow/dags/NBAPlayer_Preference_DAG.py
[2025-07-28T00:00:06.922+0000] {processor.py:640} INFO - Processing file /opt/airflow/dags/NBAPlayer_Preference_DAG.py for tasks to queue
[2025-07-28T00:00:06.923+0000] {logging_mixin.py:115} INFO - [2025-07-28T00:00:06.923+0000] {dagbag.py:508} INFO - Filling up the DagBag from /opt/airflow/dags/NBAPlayer_Preference_DAG.py
[2025-07-28T00:00:07.306+0000] {processor.py:650} INFO - DAG(s) dict_keys(['NBAPlayer_Preference_DAG']) retrieved from /opt/airflow/dags/NBAPlayer_Preference_DAG.py
[2025-07-28T00:00:07.320+0000] {logging_mixin.py:115} INFO - [2025-07-28T00:00:07.320+0000] {dag.py:2429} INFO - Sync 1 DAGs
[2025-07-28T00:00:07.330+0000] {logging_mixin.py:115} INFO - [2025-07-28T00:00:07.330+0000] {dag.py:2981} INFO - Setting next_dagrun for NBAPlayer_Preference_DAG to 2025-07-26T09:30:00+00:00, run_after=2025-08-02T09:10:00+00:00
[2025-07-28T00:00:07.336+0000] {processor.py:161} INFO - Processing /opt/airflow/dags/NBAPlayer_Preference_DAG.py took 0.429 seconds
[2025-07-28T00:00:37.584+0000] {processor.py:153} INFO - Started process (PID=908) to work on /opt/airflow/dags/NBAPlayer_Preference_DAG.py
[2025-07-28T00:00:37.586+0000] {processor.py:640} INFO - Processing file /opt/airflow/dags/NBAPlayer_Preference_DAG.py for tasks to queue
[2025-07-28T00:00:37.587+0000] {logging_mixin.py:115} INFO - [2025-07-28T00:00:37.587+0000] {dagbag.py:508} INFO - Filling up the DagBag from /opt/airflow/dags/NBAPlayer_Preference_DAG.py
[2025-07-28T00:00:37.986+0000] {processor.py:650} INFO - DAG(s) dict_keys(['NBAPlayer_Preference_DAG']) retrieved from /opt/airflow/dags/NBAPlayer_Preference_DAG.py
[2025-07-28T00:00:38.002+0000] {logging_mixin.py:115} INFO - [2025-07-28T00:00:38.002+0000] {dag.py:2429} INFO - Sync 1 DAGs
[2025-07-28T00:00:38.013+0000] {logging_mixin.py:115} INFO - [2025-07-28T00:00:38.013+0000] {dag.py:2981} INFO - Setting next_dagrun for NBAPlayer_Preference_DAG to 2025-07-26T09:30:00+00:00, run_after=2025-08-02T09:10:00+00:00
[2025-07-28T00:00:38.023+0000] {processor.py:161} INFO - Processing /opt/airflow/dags/NBAPlayer_Preference_DAG.py took 0.453 seconds
[2025-07-28T00:01:08.234+0000] {processor.py:153} INFO - Started process (PID=914) to work on /opt/airflow/dags/NBAPlayer_Preference_DAG.py
[2025-07-28T00:01:08.235+0000] {processor.py:640} INFO - Processing file /opt/airflow/dags/NBAPlayer_Preference_DAG.py for tasks to queue
[2025-07-28T00:01:08.236+0000] {logging_mixin.py:115} INFO - [2025-07-28T00:01:08.236+0000] {dagbag.py:508} INFO - Filling up the DagBag from /opt/airflow/dags/NBAPlayer_Preference_DAG.py
[2025-07-28T00:01:08.629+0000] {processor.py:650} INFO - DAG(s) dict_keys(['NBAPlayer_Preference_DAG']) retrieved from /opt/airflow/dags/NBAPlayer_Preference_DAG.py
[2025-07-28T00:01:08.651+0000] {logging_mixin.py:115} INFO - [2025-07-28T00:01:08.650+0000] {dag.py:2429} INFO - Sync 1 DAGs
[2025-07-28T00:01:08.661+0000] {logging_mixin.py:115} INFO - [2025-07-28T00:01:08.661+0000] {dag.py:2981} INFO - Setting next_dagrun for NBAPlayer_Preference_DAG to 2025-07-26T09:30:00+00:00, run_after=2025-08-02T09:10:00+00:00
[2025-07-28T00:01:08.666+0000] {processor.py:161} INFO - Processing /opt/airflow/dags/NBAPlayer_Preference_DAG.py took 0.445 seconds
[2025-07-28T00:01:38.941+0000] {processor.py:153} INFO - Started process (PID=920) to work on /opt/airflow/dags/NBAPlayer_Preference_DAG.py
[2025-07-28T00:01:38.943+0000] {processor.py:640} INFO - Processing file /opt/airflow/dags/NBAPlayer_Preference_DAG.py for tasks to queue
[2025-07-28T00:01:38.944+0000] {logging_mixin.py:115} INFO - [2025-07-28T00:01:38.944+0000] {dagbag.py:508} INFO - Filling up the DagBag from /opt/airflow/dags/NBAPlayer_Preference_DAG.py
[2025-07-28T00:01:39.396+0000] {processor.py:650} INFO - DAG(s) dict_keys(['NBAPlayer_Preference_DAG']) retrieved from /opt/airflow/dags/NBAPlayer_Preference_DAG.py
[2025-07-28T00:01:39.413+0000] {logging_mixin.py:115} INFO - [2025-07-28T00:01:39.413+0000] {dag.py:2429} INFO - Sync 1 DAGs
[2025-07-28T00:01:39.425+0000] {logging_mixin.py:115} INFO - [2025-07-28T00:01:39.425+0000] {dag.py:2981} INFO - Setting next_dagrun for NBAPlayer_Preference_DAG to 2025-07-26T09:30:00+00:00, run_after=2025-08-02T09:10:00+00:00
[2025-07-28T00:01:39.430+0000] {processor.py:161} INFO - Processing /opt/airflow/dags/NBAPlayer_Preference_DAG.py took 0.504 seconds
[2025-07-28T00:02:09.659+0000] {processor.py:153} INFO - Started process (PID=926) to work on /opt/airflow/dags/NBAPlayer_Preference_DAG.py
[2025-07-28T00:02:09.661+0000] {processor.py:640} INFO - Processing file /opt/airflow/dags/NBAPlayer_Preference_DAG.py for tasks to queue
[2025-07-28T00:02:09.662+0000] {logging_mixin.py:115} INFO - [2025-07-28T00:02:09.662+0000] {dagbag.py:508} INFO - Filling up the DagBag from /opt/airflow/dags/NBAPlayer_Preference_DAG.py
[2025-07-28T00:02:10.084+0000] {processor.py:650} INFO - DAG(s) dict_keys(['NBAPlayer_Preference_DAG']) retrieved from /opt/airflow/dags/NBAPlayer_Preference_DAG.py
[2025-07-28T00:02:10.103+0000] {logging_mixin.py:115} INFO - [2025-07-28T00:02:10.103+0000] {dag.py:2429} INFO - Sync 1 DAGs
[2025-07-28T00:02:10.115+0000] {logging_mixin.py:115} INFO - [2025-07-28T00:02:10.115+0000] {dag.py:2981} INFO - Setting next_dagrun for NBAPlayer_Preference_DAG to 2025-07-26T09:30:00+00:00, run_after=2025-08-02T09:10:00+00:00
[2025-07-28T00:02:10.120+0000] {processor.py:161} INFO - Processing /opt/airflow/dags/NBAPlayer_Preference_DAG.py took 0.469 seconds
[2025-07-28T00:02:40.413+0000] {processor.py:153} INFO - Started process (PID=932) to work on /opt/airflow/dags/NBAPlayer_Preference_DAG.py
[2025-07-28T00:02:40.415+0000] {processor.py:640} INFO - Processing file /opt/airflow/dags/NBAPlayer_Preference_DAG.py for tasks to queue
[2025-07-28T00:02:40.416+0000] {logging_mixin.py:115} INFO - [2025-07-28T00:02:40.416+0000] {dagbag.py:508} INFO - Filling up the DagBag from /opt/airflow/dags/NBAPlayer_Preference_DAG.py
[2025-07-28T00:02:40.837+0000] {processor.py:650} INFO - DAG(s) dict_keys(['NBAPlayer_Preference_DAG']) retrieved from /opt/airflow/dags/NBAPlayer_Preference_DAG.py
[2025-07-28T00:02:40.851+0000] {logging_mixin.py:115} INFO - [2025-07-28T00:02:40.851+0000] {dag.py:2429} INFO - Sync 1 DAGs
[2025-07-28T00:02:40.862+0000] {logging_mixin.py:115} INFO - [2025-07-28T00:02:40.862+0000] {dag.py:2981} INFO - Setting next_dagrun for NBAPlayer_Preference_DAG to 2025-07-26T09:30:00+00:00, run_after=2025-08-02T09:10:00+00:00
[2025-07-28T00:02:40.867+0000] {processor.py:161} INFO - Processing /opt/airflow/dags/NBAPlayer_Preference_DAG.py took 0.467 seconds
[2025-07-28T00:03:11.166+0000] {processor.py:153} INFO - Started process (PID=938) to work on /opt/airflow/dags/NBAPlayer_Preference_DAG.py
[2025-07-28T00:03:11.168+0000] {processor.py:640} INFO - Processing file /opt/airflow/dags/NBAPlayer_Preference_DAG.py for tasks to queue
[2025-07-28T00:03:11.169+0000] {logging_mixin.py:115} INFO - [2025-07-28T00:03:11.168+0000] {dagbag.py:508} INFO - Filling up the DagBag from /opt/airflow/dags/NBAPlayer_Preference_DAG.py
[2025-07-28T00:03:11.632+0000] {processor.py:650} INFO - DAG(s) dict_keys(['NBAPlayer_Preference_DAG']) retrieved from /opt/airflow/dags/NBAPlayer_Preference_DAG.py
[2025-07-28T00:03:11.654+0000] {logging_mixin.py:115} INFO - [2025-07-28T00:03:11.654+0000] {dag.py:2429} INFO - Sync 1 DAGs
[2025-07-28T00:03:11.666+0000] {logging_mixin.py:115} INFO - [2025-07-28T00:03:11.666+0000] {dag.py:2981} INFO - Setting next_dagrun for NBAPlayer_Preference_DAG to 2025-07-26T09:30:00+00:00, run_after=2025-08-02T09:10:00+00:00
[2025-07-28T00:03:11.671+0000] {processor.py:161} INFO - Processing /opt/airflow/dags/NBAPlayer_Preference_DAG.py took 0.513 seconds
[2025-07-28T00:03:41.948+0000] {processor.py:153} INFO - Started process (PID=944) to work on /opt/airflow/dags/NBAPlayer_Preference_DAG.py
[2025-07-28T00:03:41.950+0000] {processor.py:640} INFO - Processing file /opt/airflow/dags/NBAPlayer_Preference_DAG.py for tasks to queue
[2025-07-28T00:03:41.951+0000] {logging_mixin.py:115} INFO - [2025-07-28T00:03:41.951+0000] {dagbag.py:508} INFO - Filling up the DagBag from /opt/airflow/dags/NBAPlayer_Preference_DAG.py
[2025-07-28T00:03:42.403+0000] {processor.py:650} INFO - DAG(s) dict_keys(['NBAPlayer_Preference_DAG']) retrieved from /opt/airflow/dags/NBAPlayer_Preference_DAG.py
[2025-07-28T00:03:42.429+0000] {logging_mixin.py:115} INFO - [2025-07-28T00:03:42.429+0000] {dag.py:2429} INFO - Sync 1 DAGs
[2025-07-28T00:03:42.444+0000] {logging_mixin.py:115} INFO - [2025-07-28T00:03:42.444+0000] {dag.py:2981} INFO - Setting next_dagrun for NBAPlayer_Preference_DAG to 2025-07-26T09:30:00+00:00, run_after=2025-08-02T09:10:00+00:00
[2025-07-28T00:03:42.450+0000] {processor.py:161} INFO - Processing /opt/airflow/dags/NBAPlayer_Preference_DAG.py took 0.515 seconds
[2025-07-28T00:04:12.612+0000] {processor.py:153} INFO - Started process (PID=950) to work on /opt/airflow/dags/NBAPlayer_Preference_DAG.py
[2025-07-28T00:04:12.614+0000] {processor.py:640} INFO - Processing file /opt/airflow/dags/NBAPlayer_Preference_DAG.py for tasks to queue
[2025-07-28T00:04:12.614+0000] {logging_mixin.py:115} INFO - [2025-07-28T00:04:12.614+0000] {dagbag.py:508} INFO - Filling up the DagBag from /opt/airflow/dags/NBAPlayer_Preference_DAG.py
[2025-07-28T00:04:13.042+0000] {processor.py:650} INFO - DAG(s) dict_keys(['NBAPlayer_Preference_DAG']) retrieved from /opt/airflow/dags/NBAPlayer_Preference_DAG.py
[2025-07-28T00:04:13.064+0000] {logging_mixin.py:115} INFO - [2025-07-28T00:04:13.063+0000] {dag.py:2429} INFO - Sync 1 DAGs
[2025-07-28T00:04:13.075+0000] {logging_mixin.py:115} INFO - [2025-07-28T00:04:13.075+0000] {dag.py:2981} INFO - Setting next_dagrun for NBAPlayer_Preference_DAG to 2025-07-26T09:30:00+00:00, run_after=2025-08-02T09:10:00+00:00
[2025-07-28T00:04:13.080+0000] {processor.py:161} INFO - Processing /opt/airflow/dags/NBAPlayer_Preference_DAG.py took 0.478 seconds
[2025-07-28T00:04:43.344+0000] {processor.py:153} INFO - Started process (PID=956) to work on /opt/airflow/dags/NBAPlayer_Preference_DAG.py
[2025-07-28T00:04:43.346+0000] {processor.py:640} INFO - Processing file /opt/airflow/dags/NBAPlayer_Preference_DAG.py for tasks to queue
[2025-07-28T00:04:43.347+0000] {logging_mixin.py:115} INFO - [2025-07-28T00:04:43.347+0000] {dagbag.py:508} INFO - Filling up the DagBag from /opt/airflow/dags/NBAPlayer_Preference_DAG.py
[2025-07-28T00:04:43.849+0000] {processor.py:650} INFO - DAG(s) dict_keys(['NBAPlayer_Preference_DAG']) retrieved from /opt/airflow/dags/NBAPlayer_Preference_DAG.py
[2025-07-28T00:04:43.877+0000] {logging_mixin.py:115} INFO - [2025-07-28T00:04:43.877+0000] {dag.py:2429} INFO - Sync 1 DAGs
[2025-07-28T00:04:43.891+0000] {logging_mixin.py:115} INFO - [2025-07-28T00:04:43.891+0000] {dag.py:2981} INFO - Setting next_dagrun for NBAPlayer_Preference_DAG to 2025-07-26T09:30:00+00:00, run_after=2025-08-02T09:10:00+00:00
[2025-07-28T00:04:43.898+0000] {processor.py:161} INFO - Processing /opt/airflow/dags/NBAPlayer_Preference_DAG.py took 0.569 seconds
[2025-07-28T00:05:14.134+0000] {processor.py:153} INFO - Started process (PID=962) to work on /opt/airflow/dags/NBAPlayer_Preference_DAG.py
[2025-07-28T00:05:14.136+0000] {processor.py:640} INFO - Processing file /opt/airflow/dags/NBAPlayer_Preference_DAG.py for tasks to queue
[2025-07-28T00:05:14.137+0000] {logging_mixin.py:115} INFO - [2025-07-28T00:05:14.137+0000] {dagbag.py:508} INFO - Filling up the DagBag from /opt/airflow/dags/NBAPlayer_Preference_DAG.py
[2025-07-28T00:05:14.532+0000] {processor.py:650} INFO - DAG(s) dict_keys(['NBAPlayer_Preference_DAG']) retrieved from /opt/airflow/dags/NBAPlayer_Preference_DAG.py
[2025-07-28T00:05:14.547+0000] {logging_mixin.py:115} INFO - [2025-07-28T00:05:14.546+0000] {dag.py:2429} INFO - Sync 1 DAGs
[2025-07-28T00:05:14.558+0000] {logging_mixin.py:115} INFO - [2025-07-28T00:05:14.558+0000] {dag.py:2981} INFO - Setting next_dagrun for NBAPlayer_Preference_DAG to 2025-07-26T09:30:00+00:00, run_after=2025-08-02T09:10:00+00:00
[2025-07-28T00:05:14.563+0000] {processor.py:161} INFO - Processing /opt/airflow/dags/NBAPlayer_Preference_DAG.py took 0.443 seconds
[2025-07-28T00:05:44.813+0000] {processor.py:153} INFO - Started process (PID=968) to work on /opt/airflow/dags/NBAPlayer_Preference_DAG.py
[2025-07-28T00:05:44.816+0000] {processor.py:640} INFO - Processing file /opt/airflow/dags/NBAPlayer_Preference_DAG.py for tasks to queue
[2025-07-28T00:05:44.817+0000] {logging_mixin.py:115} INFO - [2025-07-28T00:05:44.816+0000] {dagbag.py:508} INFO - Filling up the DagBag from /opt/airflow/dags/NBAPlayer_Preference_DAG.py
[2025-07-28T00:05:45.291+0000] {processor.py:650} INFO - DAG(s) dict_keys(['NBAPlayer_Preference_DAG']) retrieved from /opt/airflow/dags/NBAPlayer_Preference_DAG.py
[2025-07-28T00:05:45.308+0000] {logging_mixin.py:115} INFO - [2025-07-28T00:05:45.307+0000] {dag.py:2429} INFO - Sync 1 DAGs
[2025-07-28T00:05:45.329+0000] {logging_mixin.py:115} INFO - [2025-07-28T00:05:45.328+0000] {dag.py:2981} INFO - Setting next_dagrun for NBAPlayer_Preference_DAG to 2025-07-26T09:30:00+00:00, run_after=2025-08-02T09:10:00+00:00
[2025-07-28T00:05:45.337+0000] {processor.py:161} INFO - Processing /opt/airflow/dags/NBAPlayer_Preference_DAG.py took 0.539 seconds
[2025-07-28T00:06:15.498+0000] {processor.py:153} INFO - Started process (PID=974) to work on /opt/airflow/dags/NBAPlayer_Preference_DAG.py
[2025-07-28T00:06:15.499+0000] {processor.py:640} INFO - Processing file /opt/airflow/dags/NBAPlayer_Preference_DAG.py for tasks to queue
[2025-07-28T00:06:15.500+0000] {logging_mixin.py:115} INFO - [2025-07-28T00:06:15.500+0000] {dagbag.py:508} INFO - Filling up the DagBag from /opt/airflow/dags/NBAPlayer_Preference_DAG.py
[2025-07-28T00:06:15.901+0000] {processor.py:650} INFO - DAG(s) dict_keys(['NBAPlayer_Preference_DAG']) retrieved from /opt/airflow/dags/NBAPlayer_Preference_DAG.py
[2025-07-28T00:06:15.926+0000] {logging_mixin.py:115} INFO - [2025-07-28T00:06:15.926+0000] {dag.py:2429} INFO - Sync 1 DAGs
[2025-07-28T00:06:15.937+0000] {logging_mixin.py:115} INFO - [2025-07-28T00:06:15.937+0000] {dag.py:2981} INFO - Setting next_dagrun for NBAPlayer_Preference_DAG to 2025-07-26T09:30:00+00:00, run_after=2025-08-02T09:10:00+00:00
[2025-07-28T00:06:15.947+0000] {processor.py:161} INFO - Processing /opt/airflow/dags/NBAPlayer_Preference_DAG.py took 0.456 seconds
[2025-07-28T00:06:46.170+0000] {processor.py:153} INFO - Started process (PID=980) to work on /opt/airflow/dags/NBAPlayer_Preference_DAG.py
[2025-07-28T00:06:46.172+0000] {processor.py:640} INFO - Processing file /opt/airflow/dags/NBAPlayer_Preference_DAG.py for tasks to queue
[2025-07-28T00:06:46.173+0000] {logging_mixin.py:115} INFO - [2025-07-28T00:06:46.173+0000] {dagbag.py:508} INFO - Filling up the DagBag from /opt/airflow/dags/NBAPlayer_Preference_DAG.py
[2025-07-28T00:06:46.619+0000] {processor.py:650} INFO - DAG(s) dict_keys(['NBAPlayer_Preference_DAG']) retrieved from /opt/airflow/dags/NBAPlayer_Preference_DAG.py
[2025-07-28T00:06:46.648+0000] {logging_mixin.py:115} INFO - [2025-07-28T00:06:46.648+0000] {dag.py:2429} INFO - Sync 1 DAGs
[2025-07-28T00:06:46.664+0000] {logging_mixin.py:115} INFO - [2025-07-28T00:06:46.664+0000] {dag.py:2981} INFO - Setting next_dagrun for NBAPlayer_Preference_DAG to 2025-07-26T09:30:00+00:00, run_after=2025-08-02T09:10:00+00:00
[2025-07-28T00:06:46.670+0000] {processor.py:161} INFO - Processing /opt/airflow/dags/NBAPlayer_Preference_DAG.py took 0.511 seconds
[2025-07-28T00:07:16.930+0000] {processor.py:153} INFO - Started process (PID=986) to work on /opt/airflow/dags/NBAPlayer_Preference_DAG.py
[2025-07-28T00:07:16.932+0000] {processor.py:640} INFO - Processing file /opt/airflow/dags/NBAPlayer_Preference_DAG.py for tasks to queue
[2025-07-28T00:07:16.933+0000] {logging_mixin.py:115} INFO - [2025-07-28T00:07:16.933+0000] {dagbag.py:508} INFO - Filling up the DagBag from /opt/airflow/dags/NBAPlayer_Preference_DAG.py
[2025-07-28T00:07:17.394+0000] {processor.py:650} INFO - DAG(s) dict_keys(['NBAPlayer_Preference_DAG']) retrieved from /opt/airflow/dags/NBAPlayer_Preference_DAG.py
[2025-07-28T00:07:17.418+0000] {logging_mixin.py:115} INFO - [2025-07-28T00:07:17.417+0000] {dag.py:2429} INFO - Sync 1 DAGs
[2025-07-28T00:07:17.428+0000] {logging_mixin.py:115} INFO - [2025-07-28T00:07:17.428+0000] {dag.py:2981} INFO - Setting next_dagrun for NBAPlayer_Preference_DAG to 2025-07-26T09:30:00+00:00, run_after=2025-08-02T09:10:00+00:00
[2025-07-28T00:07:17.433+0000] {processor.py:161} INFO - Processing /opt/airflow/dags/NBAPlayer_Preference_DAG.py took 0.508 seconds
[2025-07-28T00:07:47.688+0000] {processor.py:153} INFO - Started process (PID=992) to work on /opt/airflow/dags/NBAPlayer_Preference_DAG.py
[2025-07-28T00:07:47.690+0000] {processor.py:640} INFO - Processing file /opt/airflow/dags/NBAPlayer_Preference_DAG.py for tasks to queue
[2025-07-28T00:07:47.691+0000] {logging_mixin.py:115} INFO - [2025-07-28T00:07:47.691+0000] {dagbag.py:508} INFO - Filling up the DagBag from /opt/airflow/dags/NBAPlayer_Preference_DAG.py
[2025-07-28T00:07:48.120+0000] {processor.py:650} INFO - DAG(s) dict_keys(['NBAPlayer_Preference_DAG']) retrieved from /opt/airflow/dags/NBAPlayer_Preference_DAG.py
[2025-07-28T00:07:48.143+0000] {logging_mixin.py:115} INFO - [2025-07-28T00:07:48.143+0000] {dag.py:2429} INFO - Sync 1 DAGs
[2025-07-28T00:07:48.159+0000] {logging_mixin.py:115} INFO - [2025-07-28T00:07:48.158+0000] {dag.py:2981} INFO - Setting next_dagrun for NBAPlayer_Preference_DAG to 2025-07-26T09:30:00+00:00, run_after=2025-08-02T09:10:00+00:00
[2025-07-28T00:07:48.164+0000] {processor.py:161} INFO - Processing /opt/airflow/dags/NBAPlayer_Preference_DAG.py took 0.490 seconds
[2025-07-28T00:08:18.430+0000] {processor.py:153} INFO - Started process (PID=998) to work on /opt/airflow/dags/NBAPlayer_Preference_DAG.py
[2025-07-28T00:08:18.432+0000] {processor.py:640} INFO - Processing file /opt/airflow/dags/NBAPlayer_Preference_DAG.py for tasks to queue
[2025-07-28T00:08:18.433+0000] {logging_mixin.py:115} INFO - [2025-07-28T00:08:18.433+0000] {dagbag.py:508} INFO - Filling up the DagBag from /opt/airflow/dags/NBAPlayer_Preference_DAG.py
[2025-07-28T00:08:18.892+0000] {processor.py:650} INFO - DAG(s) dict_keys(['NBAPlayer_Preference_DAG']) retrieved from /opt/airflow/dags/NBAPlayer_Preference_DAG.py
[2025-07-28T00:08:18.918+0000] {logging_mixin.py:115} INFO - [2025-07-28T00:08:18.917+0000] {dag.py:2429} INFO - Sync 1 DAGs
[2025-07-28T00:08:18.928+0000] {logging_mixin.py:115} INFO - [2025-07-28T00:08:18.928+0000] {dag.py:2981} INFO - Setting next_dagrun for NBAPlayer_Preference_DAG to 2025-07-26T09:30:00+00:00, run_after=2025-08-02T09:10:00+00:00
[2025-07-28T00:08:18.933+0000] {processor.py:161} INFO - Processing /opt/airflow/dags/NBAPlayer_Preference_DAG.py took 0.511 seconds
[2025-07-28T00:08:49.170+0000] {processor.py:153} INFO - Started process (PID=1004) to work on /opt/airflow/dags/NBAPlayer_Preference_DAG.py
[2025-07-28T00:08:49.172+0000] {processor.py:640} INFO - Processing file /opt/airflow/dags/NBAPlayer_Preference_DAG.py for tasks to queue
[2025-07-28T00:08:49.173+0000] {logging_mixin.py:115} INFO - [2025-07-28T00:08:49.173+0000] {dagbag.py:508} INFO - Filling up the DagBag from /opt/airflow/dags/NBAPlayer_Preference_DAG.py
[2025-07-28T00:08:49.665+0000] {processor.py:650} INFO - DAG(s) dict_keys(['NBAPlayer_Preference_DAG']) retrieved from /opt/airflow/dags/NBAPlayer_Preference_DAG.py
[2025-07-28T00:08:49.687+0000] {logging_mixin.py:115} INFO - [2025-07-28T00:08:49.687+0000] {dag.py:2429} INFO - Sync 1 DAGs
[2025-07-28T00:08:49.700+0000] {logging_mixin.py:115} INFO - [2025-07-28T00:08:49.700+0000] {dag.py:2981} INFO - Setting next_dagrun for NBAPlayer_Preference_DAG to 2025-07-26T09:30:00+00:00, run_after=2025-08-02T09:10:00+00:00
[2025-07-28T00:08:49.705+0000] {processor.py:161} INFO - Processing /opt/airflow/dags/NBAPlayer_Preference_DAG.py took 0.549 seconds
[2025-07-28T00:09:19.905+0000] {processor.py:153} INFO - Started process (PID=1010) to work on /opt/airflow/dags/NBAPlayer_Preference_DAG.py
[2025-07-28T00:09:19.907+0000] {processor.py:640} INFO - Processing file /opt/airflow/dags/NBAPlayer_Preference_DAG.py for tasks to queue
[2025-07-28T00:09:19.908+0000] {logging_mixin.py:115} INFO - [2025-07-28T00:09:19.907+0000] {dagbag.py:508} INFO - Filling up the DagBag from /opt/airflow/dags/NBAPlayer_Preference_DAG.py
[2025-07-28T00:09:20.391+0000] {processor.py:650} INFO - DAG(s) dict_keys(['NBAPlayer_Preference_DAG']) retrieved from /opt/airflow/dags/NBAPlayer_Preference_DAG.py
[2025-07-28T00:09:20.438+0000] {logging_mixin.py:115} INFO - [2025-07-28T00:09:20.437+0000] {dag.py:2429} INFO - Sync 1 DAGs
[2025-07-28T00:09:20.467+0000] {logging_mixin.py:115} INFO - [2025-07-28T00:09:20.467+0000] {dag.py:2981} INFO - Setting next_dagrun for NBAPlayer_Preference_DAG to 2025-07-26T09:30:00+00:00, run_after=2025-08-02T09:10:00+00:00
[2025-07-28T00:09:20.476+0000] {processor.py:161} INFO - Processing /opt/airflow/dags/NBAPlayer_Preference_DAG.py took 0.580 seconds
[2025-07-28T00:09:50.719+0000] {processor.py:153} INFO - Started process (PID=1016) to work on /opt/airflow/dags/NBAPlayer_Preference_DAG.py
[2025-07-28T00:09:50.720+0000] {processor.py:640} INFO - Processing file /opt/airflow/dags/NBAPlayer_Preference_DAG.py for tasks to queue
[2025-07-28T00:09:50.721+0000] {logging_mixin.py:115} INFO - [2025-07-28T00:09:50.721+0000] {dagbag.py:508} INFO - Filling up the DagBag from /opt/airflow/dags/NBAPlayer_Preference_DAG.py
[2025-07-28T00:09:51.137+0000] {processor.py:650} INFO - DAG(s) dict_keys(['NBAPlayer_Preference_DAG']) retrieved from /opt/airflow/dags/NBAPlayer_Preference_DAG.py
[2025-07-28T00:09:51.171+0000] {logging_mixin.py:115} INFO - [2025-07-28T00:09:51.170+0000] {dag.py:2429} INFO - Sync 1 DAGs
[2025-07-28T00:09:51.200+0000] {logging_mixin.py:115} INFO - [2025-07-28T00:09:51.200+0000] {dag.py:2981} INFO - Setting next_dagrun for NBAPlayer_Preference_DAG to 2025-07-26T09:30:00+00:00, run_after=2025-08-02T09:10:00+00:00
[2025-07-28T00:09:51.217+0000] {processor.py:161} INFO - Processing /opt/airflow/dags/NBAPlayer_Preference_DAG.py took 0.504 seconds
[2025-07-28T00:10:21.532+0000] {processor.py:153} INFO - Started process (PID=1022) to work on /opt/airflow/dags/NBAPlayer_Preference_DAG.py
[2025-07-28T00:10:21.539+0000] {processor.py:640} INFO - Processing file /opt/airflow/dags/NBAPlayer_Preference_DAG.py for tasks to queue
[2025-07-28T00:10:21.540+0000] {logging_mixin.py:115} INFO - [2025-07-28T00:10:21.540+0000] {dagbag.py:508} INFO - Filling up the DagBag from /opt/airflow/dags/NBAPlayer_Preference_DAG.py
[2025-07-28T00:10:22.040+0000] {processor.py:650} INFO - DAG(s) dict_keys(['NBAPlayer_Preference_DAG']) retrieved from /opt/airflow/dags/NBAPlayer_Preference_DAG.py
[2025-07-28T00:10:22.067+0000] {logging_mixin.py:115} INFO - [2025-07-28T00:10:22.067+0000] {dag.py:2429} INFO - Sync 1 DAGs
[2025-07-28T00:10:22.078+0000] {logging_mixin.py:115} INFO - [2025-07-28T00:10:22.078+0000] {dag.py:2981} INFO - Setting next_dagrun for NBAPlayer_Preference_DAG to 2025-07-26T09:30:00+00:00, run_after=2025-08-02T09:10:00+00:00
[2025-07-28T00:10:22.083+0000] {processor.py:161} INFO - Processing /opt/airflow/dags/NBAPlayer_Preference_DAG.py took 0.569 seconds
[2025-07-28T00:10:52.278+0000] {processor.py:153} INFO - Started process (PID=1028) to work on /opt/airflow/dags/NBAPlayer_Preference_DAG.py
[2025-07-28T00:10:52.280+0000] {processor.py:640} INFO - Processing file /opt/airflow/dags/NBAPlayer_Preference_DAG.py for tasks to queue
[2025-07-28T00:10:52.280+0000] {logging_mixin.py:115} INFO - [2025-07-28T00:10:52.280+0000] {dagbag.py:508} INFO - Filling up the DagBag from /opt/airflow/dags/NBAPlayer_Preference_DAG.py
[2025-07-28T00:10:52.711+0000] {processor.py:650} INFO - DAG(s) dict_keys(['NBAPlayer_Preference_DAG']) retrieved from /opt/airflow/dags/NBAPlayer_Preference_DAG.py
[2025-07-28T00:10:52.735+0000] {logging_mixin.py:115} INFO - [2025-07-28T00:10:52.735+0000] {dag.py:2429} INFO - Sync 1 DAGs
[2025-07-28T00:10:52.745+0000] {logging_mixin.py:115} INFO - [2025-07-28T00:10:52.745+0000] {dag.py:2981} INFO - Setting next_dagrun for NBAPlayer_Preference_DAG to 2025-07-26T09:30:00+00:00, run_after=2025-08-02T09:10:00+00:00
[2025-07-28T00:10:52.750+0000] {processor.py:161} INFO - Processing /opt/airflow/dags/NBAPlayer_Preference_DAG.py took 0.484 seconds
[2025-07-28T00:11:23.018+0000] {processor.py:153} INFO - Started process (PID=1034) to work on /opt/airflow/dags/NBAPlayer_Preference_DAG.py
[2025-07-28T00:11:23.023+0000] {processor.py:640} INFO - Processing file /opt/airflow/dags/NBAPlayer_Preference_DAG.py for tasks to queue
[2025-07-28T00:11:23.024+0000] {logging_mixin.py:115} INFO - [2025-07-28T00:11:23.023+0000] {dagbag.py:508} INFO - Filling up the DagBag from /opt/airflow/dags/NBAPlayer_Preference_DAG.py
[2025-07-28T00:11:23.431+0000] {processor.py:650} INFO - DAG(s) dict_keys(['NBAPlayer_Preference_DAG']) retrieved from /opt/airflow/dags/NBAPlayer_Preference_DAG.py
[2025-07-28T00:11:23.464+0000] {logging_mixin.py:115} INFO - [2025-07-28T00:11:23.462+0000] {dag.py:2429} INFO - Sync 1 DAGs
[2025-07-28T00:11:23.481+0000] {logging_mixin.py:115} INFO - [2025-07-28T00:11:23.481+0000] {dag.py:2981} INFO - Setting next_dagrun for NBAPlayer_Preference_DAG to 2025-07-26T09:30:00+00:00, run_after=2025-08-02T09:10:00+00:00
[2025-07-28T00:11:23.489+0000] {processor.py:161} INFO - Processing /opt/airflow/dags/NBAPlayer_Preference_DAG.py took 0.482 seconds
[2025-07-28T00:11:53.745+0000] {processor.py:153} INFO - Started process (PID=1040) to work on /opt/airflow/dags/NBAPlayer_Preference_DAG.py
[2025-07-28T00:11:53.748+0000] {processor.py:640} INFO - Processing file /opt/airflow/dags/NBAPlayer_Preference_DAG.py for tasks to queue
[2025-07-28T00:11:53.749+0000] {logging_mixin.py:115} INFO - [2025-07-28T00:11:53.749+0000] {dagbag.py:508} INFO - Filling up the DagBag from /opt/airflow/dags/NBAPlayer_Preference_DAG.py
[2025-07-28T00:11:54.161+0000] {processor.py:650} INFO - DAG(s) dict_keys(['NBAPlayer_Preference_DAG']) retrieved from /opt/airflow/dags/NBAPlayer_Preference_DAG.py
[2025-07-28T00:11:54.198+0000] {logging_mixin.py:115} INFO - [2025-07-28T00:11:54.196+0000] {dag.py:2429} INFO - Sync 1 DAGs
[2025-07-28T00:11:54.216+0000] {logging_mixin.py:115} INFO - [2025-07-28T00:11:54.216+0000] {dag.py:2981} INFO - Setting next_dagrun for NBAPlayer_Preference_DAG to 2025-07-26T09:30:00+00:00, run_after=2025-08-02T09:10:00+00:00
[2025-07-28T00:11:54.221+0000] {processor.py:161} INFO - Processing /opt/airflow/dags/NBAPlayer_Preference_DAG.py took 0.484 seconds
[2025-07-28T00:12:24.463+0000] {processor.py:153} INFO - Started process (PID=1046) to work on /opt/airflow/dags/NBAPlayer_Preference_DAG.py
[2025-07-28T00:12:24.465+0000] {processor.py:640} INFO - Processing file /opt/airflow/dags/NBAPlayer_Preference_DAG.py for tasks to queue
[2025-07-28T00:12:24.466+0000] {logging_mixin.py:115} INFO - [2025-07-28T00:12:24.466+0000] {dagbag.py:508} INFO - Filling up the DagBag from /opt/airflow/dags/NBAPlayer_Preference_DAG.py
[2025-07-28T00:12:24.905+0000] {processor.py:650} INFO - DAG(s) dict_keys(['NBAPlayer_Preference_DAG']) retrieved from /opt/airflow/dags/NBAPlayer_Preference_DAG.py
[2025-07-28T00:12:24.928+0000] {logging_mixin.py:115} INFO - [2025-07-28T00:12:24.928+0000] {dag.py:2429} INFO - Sync 1 DAGs
[2025-07-28T00:12:24.942+0000] {logging_mixin.py:115} INFO - [2025-07-28T00:12:24.942+0000] {dag.py:2981} INFO - Setting next_dagrun for NBAPlayer_Preference_DAG to 2025-07-26T09:30:00+00:00, run_after=2025-08-02T09:10:00+00:00
[2025-07-28T00:12:24.948+0000] {processor.py:161} INFO - Processing /opt/airflow/dags/NBAPlayer_Preference_DAG.py took 0.498 seconds
[2025-07-28T00:12:55.221+0000] {processor.py:153} INFO - Started process (PID=1052) to work on /opt/airflow/dags/NBAPlayer_Preference_DAG.py
[2025-07-28T00:12:55.223+0000] {processor.py:640} INFO - Processing file /opt/airflow/dags/NBAPlayer_Preference_DAG.py for tasks to queue
[2025-07-28T00:12:55.223+0000] {logging_mixin.py:115} INFO - [2025-07-28T00:12:55.223+0000] {dagbag.py:508} INFO - Filling up the DagBag from /opt/airflow/dags/NBAPlayer_Preference_DAG.py
[2025-07-28T00:12:55.694+0000] {processor.py:650} INFO - DAG(s) dict_keys(['NBAPlayer_Preference_DAG']) retrieved from /opt/airflow/dags/NBAPlayer_Preference_DAG.py
[2025-07-28T00:12:55.724+0000] {logging_mixin.py:115} INFO - [2025-07-28T00:12:55.724+0000] {dag.py:2429} INFO - Sync 1 DAGs
[2025-07-28T00:12:55.743+0000] {logging_mixin.py:115} INFO - [2025-07-28T00:12:55.742+0000] {dag.py:2981} INFO - Setting next_dagrun for NBAPlayer_Preference_DAG to 2025-07-26T09:30:00+00:00, run_after=2025-08-02T09:10:00+00:00
[2025-07-28T00:12:55.749+0000] {processor.py:161} INFO - Processing /opt/airflow/dags/NBAPlayer_Preference_DAG.py took 0.535 seconds
[2025-07-28T00:13:25.986+0000] {processor.py:153} INFO - Started process (PID=1058) to work on /opt/airflow/dags/NBAPlayer_Preference_DAG.py
[2025-07-28T00:13:25.988+0000] {processor.py:640} INFO - Processing file /opt/airflow/dags/NBAPlayer_Preference_DAG.py for tasks to queue
[2025-07-28T00:13:25.989+0000] {logging_mixin.py:115} INFO - [2025-07-28T00:13:25.989+0000] {dagbag.py:508} INFO - Filling up the DagBag from /opt/airflow/dags/NBAPlayer_Preference_DAG.py
[2025-07-28T00:13:26.527+0000] {processor.py:650} INFO - DAG(s) dict_keys(['NBAPlayer_Preference_DAG']) retrieved from /opt/airflow/dags/NBAPlayer_Preference_DAG.py
[2025-07-28T00:13:26.558+0000] {logging_mixin.py:115} INFO - [2025-07-28T00:13:26.557+0000] {dag.py:2429} INFO - Sync 1 DAGs
[2025-07-28T00:13:26.569+0000] {logging_mixin.py:115} INFO - [2025-07-28T00:13:26.568+0000] {dag.py:2981} INFO - Setting next_dagrun for NBAPlayer_Preference_DAG to 2025-07-26T09:30:00+00:00, run_after=2025-08-02T09:10:00+00:00
[2025-07-28T00:13:26.574+0000] {processor.py:161} INFO - Processing /opt/airflow/dags/NBAPlayer_Preference_DAG.py took 0.602 seconds
[2025-07-28T00:13:56.692+0000] {processor.py:153} INFO - Started process (PID=1064) to work on /opt/airflow/dags/NBAPlayer_Preference_DAG.py
[2025-07-28T00:13:56.695+0000] {processor.py:640} INFO - Processing file /opt/airflow/dags/NBAPlayer_Preference_DAG.py for tasks to queue
[2025-07-28T00:13:56.696+0000] {logging_mixin.py:115} INFO - [2025-07-28T00:13:56.696+0000] {dagbag.py:508} INFO - Filling up the DagBag from /opt/airflow/dags/NBAPlayer_Preference_DAG.py
[2025-07-28T00:13:57.117+0000] {processor.py:650} INFO - DAG(s) dict_keys(['NBAPlayer_Preference_DAG']) retrieved from /opt/airflow/dags/NBAPlayer_Preference_DAG.py
[2025-07-28T00:13:57.139+0000] {logging_mixin.py:115} INFO - [2025-07-28T00:13:57.138+0000] {dag.py:2429} INFO - Sync 1 DAGs
[2025-07-28T00:13:57.149+0000] {logging_mixin.py:115} INFO - [2025-07-28T00:13:57.149+0000] {dag.py:2981} INFO - Setting next_dagrun for NBAPlayer_Preference_DAG to 2025-07-26T09:30:00+00:00, run_after=2025-08-02T09:10:00+00:00
[2025-07-28T00:13:57.154+0000] {processor.py:161} INFO - Processing /opt/airflow/dags/NBAPlayer_Preference_DAG.py took 0.471 seconds
[2025-07-28T00:14:27.440+0000] {processor.py:153} INFO - Started process (PID=1070) to work on /opt/airflow/dags/NBAPlayer_Preference_DAG.py
[2025-07-28T00:14:27.442+0000] {processor.py:640} INFO - Processing file /opt/airflow/dags/NBAPlayer_Preference_DAG.py for tasks to queue
[2025-07-28T00:14:27.443+0000] {logging_mixin.py:115} INFO - [2025-07-28T00:14:27.443+0000] {dagbag.py:508} INFO - Filling up the DagBag from /opt/airflow/dags/NBAPlayer_Preference_DAG.py
[2025-07-28T00:14:27.868+0000] {processor.py:650} INFO - DAG(s) dict_keys(['NBAPlayer_Preference_DAG']) retrieved from /opt/airflow/dags/NBAPlayer_Preference_DAG.py
[2025-07-28T00:14:27.889+0000] {logging_mixin.py:115} INFO - [2025-07-28T00:14:27.888+0000] {dag.py:2429} INFO - Sync 1 DAGs
[2025-07-28T00:14:27.903+0000] {logging_mixin.py:115} INFO - [2025-07-28T00:14:27.902+0000] {dag.py:2981} INFO - Setting next_dagrun for NBAPlayer_Preference_DAG to 2025-07-26T09:30:00+00:00, run_after=2025-08-02T09:10:00+00:00
[2025-07-28T00:14:27.907+0000] {processor.py:161} INFO - Processing /opt/airflow/dags/NBAPlayer_Preference_DAG.py took 0.475 seconds
[2025-07-28T00:14:58.119+0000] {processor.py:153} INFO - Started process (PID=1076) to work on /opt/airflow/dags/NBAPlayer_Preference_DAG.py
[2025-07-28T00:14:58.121+0000] {processor.py:640} INFO - Processing file /opt/airflow/dags/NBAPlayer_Preference_DAG.py for tasks to queue
[2025-07-28T00:14:58.122+0000] {logging_mixin.py:115} INFO - [2025-07-28T00:14:58.122+0000] {dagbag.py:508} INFO - Filling up the DagBag from /opt/airflow/dags/NBAPlayer_Preference_DAG.py
[2025-07-28T00:14:58.527+0000] {processor.py:650} INFO - DAG(s) dict_keys(['NBAPlayer_Preference_DAG']) retrieved from /opt/airflow/dags/NBAPlayer_Preference_DAG.py
[2025-07-28T00:14:58.550+0000] {logging_mixin.py:115} INFO - [2025-07-28T00:14:58.549+0000] {dag.py:2429} INFO - Sync 1 DAGs
[2025-07-28T00:14:58.565+0000] {logging_mixin.py:115} INFO - [2025-07-28T00:14:58.565+0000] {dag.py:2981} INFO - Setting next_dagrun for NBAPlayer_Preference_DAG to 2025-07-26T09:30:00+00:00, run_after=2025-08-02T09:10:00+00:00
[2025-07-28T00:14:58.570+0000] {processor.py:161} INFO - Processing /opt/airflow/dags/NBAPlayer_Preference_DAG.py took 0.463 seconds
[2025-07-28T00:15:28.816+0000] {processor.py:153} INFO - Started process (PID=1082) to work on /opt/airflow/dags/NBAPlayer_Preference_DAG.py
[2025-07-28T00:15:28.818+0000] {processor.py:640} INFO - Processing file /opt/airflow/dags/NBAPlayer_Preference_DAG.py for tasks to queue
[2025-07-28T00:15:28.819+0000] {logging_mixin.py:115} INFO - [2025-07-28T00:15:28.819+0000] {dagbag.py:508} INFO - Filling up the DagBag from /opt/airflow/dags/NBAPlayer_Preference_DAG.py
[2025-07-28T00:15:29.280+0000] {processor.py:650} INFO - DAG(s) dict_keys(['NBAPlayer_Preference_DAG']) retrieved from /opt/airflow/dags/NBAPlayer_Preference_DAG.py
[2025-07-28T00:15:29.312+0000] {logging_mixin.py:115} INFO - [2025-07-28T00:15:29.312+0000] {dag.py:2429} INFO - Sync 1 DAGs
[2025-07-28T00:15:29.323+0000] {logging_mixin.py:115} INFO - [2025-07-28T00:15:29.323+0000] {dag.py:2981} INFO - Setting next_dagrun for NBAPlayer_Preference_DAG to 2025-07-26T09:30:00+00:00, run_after=2025-08-02T09:10:00+00:00
[2025-07-28T00:15:29.333+0000] {processor.py:161} INFO - Processing /opt/airflow/dags/NBAPlayer_Preference_DAG.py took 0.528 seconds
[2025-07-28T00:15:59.539+0000] {processor.py:153} INFO - Started process (PID=1088) to work on /opt/airflow/dags/NBAPlayer_Preference_DAG.py
[2025-07-28T00:15:59.541+0000] {processor.py:640} INFO - Processing file /opt/airflow/dags/NBAPlayer_Preference_DAG.py for tasks to queue
[2025-07-28T00:15:59.542+0000] {logging_mixin.py:115} INFO - [2025-07-28T00:15:59.542+0000] {dagbag.py:508} INFO - Filling up the DagBag from /opt/airflow/dags/NBAPlayer_Preference_DAG.py
[2025-07-28T00:16:00.052+0000] {processor.py:650} INFO - DAG(s) dict_keys(['NBAPlayer_Preference_DAG']) retrieved from /opt/airflow/dags/NBAPlayer_Preference_DAG.py
[2025-07-28T00:16:00.094+0000] {logging_mixin.py:115} INFO - [2025-07-28T00:16:00.093+0000] {dag.py:2429} INFO - Sync 1 DAGs
[2025-07-28T00:16:00.109+0000] {logging_mixin.py:115} INFO - [2025-07-28T00:16:00.109+0000] {dag.py:2981} INFO - Setting next_dagrun for NBAPlayer_Preference_DAG to 2025-07-26T09:30:00+00:00, run_after=2025-08-02T09:10:00+00:00
[2025-07-28T00:16:00.114+0000] {processor.py:161} INFO - Processing /opt/airflow/dags/NBAPlayer_Preference_DAG.py took 0.586 seconds
[2025-07-28T00:16:30.381+0000] {processor.py:153} INFO - Started process (PID=1094) to work on /opt/airflow/dags/NBAPlayer_Preference_DAG.py
[2025-07-28T00:16:30.383+0000] {processor.py:640} INFO - Processing file /opt/airflow/dags/NBAPlayer_Preference_DAG.py for tasks to queue
[2025-07-28T00:16:30.384+0000] {logging_mixin.py:115} INFO - [2025-07-28T00:16:30.384+0000] {dagbag.py:508} INFO - Filling up the DagBag from /opt/airflow/dags/NBAPlayer_Preference_DAG.py
[2025-07-28T00:16:30.852+0000] {processor.py:650} INFO - DAG(s) dict_keys(['NBAPlayer_Preference_DAG']) retrieved from /opt/airflow/dags/NBAPlayer_Preference_DAG.py
[2025-07-28T00:16:30.871+0000] {logging_mixin.py:115} INFO - [2025-07-28T00:16:30.871+0000] {dag.py:2429} INFO - Sync 1 DAGs
[2025-07-28T00:16:30.882+0000] {logging_mixin.py:115} INFO - [2025-07-28T00:16:30.881+0000] {dag.py:2981} INFO - Setting next_dagrun for NBAPlayer_Preference_DAG to 2025-07-26T09:30:00+00:00, run_after=2025-08-02T09:10:00+00:00
[2025-07-28T00:16:30.887+0000] {processor.py:161} INFO - Processing /opt/airflow/dags/NBAPlayer_Preference_DAG.py took 0.515 seconds
[2025-07-28T00:17:01.091+0000] {processor.py:153} INFO - Started process (PID=1100) to work on /opt/airflow/dags/NBAPlayer_Preference_DAG.py
[2025-07-28T00:17:01.096+0000] {processor.py:640} INFO - Processing file /opt/airflow/dags/NBAPlayer_Preference_DAG.py for tasks to queue
[2025-07-28T00:17:01.097+0000] {logging_mixin.py:115} INFO - [2025-07-28T00:17:01.097+0000] {dagbag.py:508} INFO - Filling up the DagBag from /opt/airflow/dags/NBAPlayer_Preference_DAG.py
[2025-07-28T00:17:01.528+0000] {processor.py:650} INFO - DAG(s) dict_keys(['NBAPlayer_Preference_DAG']) retrieved from /opt/airflow/dags/NBAPlayer_Preference_DAG.py
[2025-07-28T00:17:01.556+0000] {logging_mixin.py:115} INFO - [2025-07-28T00:17:01.556+0000] {dag.py:2429} INFO - Sync 1 DAGs
[2025-07-28T00:17:01.571+0000] {logging_mixin.py:115} INFO - [2025-07-28T00:17:01.571+0000] {dag.py:2981} INFO - Setting next_dagrun for NBAPlayer_Preference_DAG to 2025-07-26T09:30:00+00:00, run_after=2025-08-02T09:10:00+00:00
[2025-07-28T00:17:01.580+0000] {processor.py:161} INFO - Processing /opt/airflow/dags/NBAPlayer_Preference_DAG.py took 0.499 seconds
[2025-07-28T00:17:31.827+0000] {processor.py:153} INFO - Started process (PID=1106) to work on /opt/airflow/dags/NBAPlayer_Preference_DAG.py
[2025-07-28T00:17:31.829+0000] {processor.py:640} INFO - Processing file /opt/airflow/dags/NBAPlayer_Preference_DAG.py for tasks to queue
[2025-07-28T00:17:31.830+0000] {logging_mixin.py:115} INFO - [2025-07-28T00:17:31.830+0000] {dagbag.py:508} INFO - Filling up the DagBag from /opt/airflow/dags/NBAPlayer_Preference_DAG.py
[2025-07-28T00:17:32.247+0000] {processor.py:650} INFO - DAG(s) dict_keys(['NBAPlayer_Preference_DAG']) retrieved from /opt/airflow/dags/NBAPlayer_Preference_DAG.py
[2025-07-28T00:17:32.269+0000] {logging_mixin.py:115} INFO - [2025-07-28T00:17:32.268+0000] {dag.py:2429} INFO - Sync 1 DAGs
[2025-07-28T00:17:32.279+0000] {logging_mixin.py:115} INFO - [2025-07-28T00:17:32.279+0000] {dag.py:2981} INFO - Setting next_dagrun for NBAPlayer_Preference_DAG to 2025-07-26T09:30:00+00:00, run_after=2025-08-02T09:10:00+00:00
[2025-07-28T00:17:32.285+0000] {processor.py:161} INFO - Processing /opt/airflow/dags/NBAPlayer_Preference_DAG.py took 0.465 seconds
[2025-07-28T00:18:02.497+0000] {processor.py:153} INFO - Started process (PID=1112) to work on /opt/airflow/dags/NBAPlayer_Preference_DAG.py
[2025-07-28T00:18:02.504+0000] {processor.py:640} INFO - Processing file /opt/airflow/dags/NBAPlayer_Preference_DAG.py for tasks to queue
[2025-07-28T00:18:02.506+0000] {logging_mixin.py:115} INFO - [2025-07-28T00:18:02.505+0000] {dagbag.py:508} INFO - Filling up the DagBag from /opt/airflow/dags/NBAPlayer_Preference_DAG.py
[2025-07-28T00:18:03.335+0000] {processor.py:650} INFO - DAG(s) dict_keys(['NBAPlayer_Preference_DAG']) retrieved from /opt/airflow/dags/NBAPlayer_Preference_DAG.py
[2025-07-28T00:18:03.372+0000] {logging_mixin.py:115} INFO - [2025-07-28T00:18:03.371+0000] {dag.py:2429} INFO - Sync 1 DAGs
[2025-07-28T00:18:03.385+0000] {logging_mixin.py:115} INFO - [2025-07-28T00:18:03.385+0000] {dag.py:2981} INFO - Setting next_dagrun for NBAPlayer_Preference_DAG to 2025-07-26T09:30:00+00:00, run_after=2025-08-02T09:10:00+00:00
[2025-07-28T00:18:03.391+0000] {processor.py:161} INFO - Processing /opt/airflow/dags/NBAPlayer_Preference_DAG.py took 0.902 seconds
[2025-07-28T00:18:33.706+0000] {processor.py:153} INFO - Started process (PID=1118) to work on /opt/airflow/dags/NBAPlayer_Preference_DAG.py
[2025-07-28T00:18:33.708+0000] {processor.py:640} INFO - Processing file /opt/airflow/dags/NBAPlayer_Preference_DAG.py for tasks to queue
[2025-07-28T00:18:33.709+0000] {logging_mixin.py:115} INFO - [2025-07-28T00:18:33.709+0000] {dagbag.py:508} INFO - Filling up the DagBag from /opt/airflow/dags/NBAPlayer_Preference_DAG.py
[2025-07-28T00:18:34.122+0000] {processor.py:650} INFO - DAG(s) dict_keys(['NBAPlayer_Preference_DAG']) retrieved from /opt/airflow/dags/NBAPlayer_Preference_DAG.py
[2025-07-28T00:18:34.146+0000] {logging_mixin.py:115} INFO - [2025-07-28T00:18:34.145+0000] {dag.py:2429} INFO - Sync 1 DAGs
[2025-07-28T00:18:34.169+0000] {logging_mixin.py:115} INFO - [2025-07-28T00:18:34.168+0000] {dag.py:2981} INFO - Setting next_dagrun for NBAPlayer_Preference_DAG to 2025-07-26T09:30:00+00:00, run_after=2025-08-02T09:10:00+00:00
[2025-07-28T00:18:34.176+0000] {processor.py:161} INFO - Processing /opt/airflow/dags/NBAPlayer_Preference_DAG.py took 0.479 seconds
[2025-07-28T00:19:04.398+0000] {processor.py:153} INFO - Started process (PID=1124) to work on /opt/airflow/dags/NBAPlayer_Preference_DAG.py
[2025-07-28T00:19:04.399+0000] {processor.py:640} INFO - Processing file /opt/airflow/dags/NBAPlayer_Preference_DAG.py for tasks to queue
[2025-07-28T00:19:04.400+0000] {logging_mixin.py:115} INFO - [2025-07-28T00:19:04.400+0000] {dagbag.py:508} INFO - Filling up the DagBag from /opt/airflow/dags/NBAPlayer_Preference_DAG.py
[2025-07-28T00:19:04.819+0000] {processor.py:650} INFO - DAG(s) dict_keys(['NBAPlayer_Preference_DAG']) retrieved from /opt/airflow/dags/NBAPlayer_Preference_DAG.py
[2025-07-28T00:19:04.852+0000] {logging_mixin.py:115} INFO - [2025-07-28T00:19:04.852+0000] {dag.py:2429} INFO - Sync 1 DAGs
[2025-07-28T00:19:04.863+0000] {logging_mixin.py:115} INFO - [2025-07-28T00:19:04.863+0000] {dag.py:2981} INFO - Setting next_dagrun for NBAPlayer_Preference_DAG to 2025-07-26T09:30:00+00:00, run_after=2025-08-02T09:10:00+00:00
[2025-07-28T00:19:04.868+0000] {processor.py:161} INFO - Processing /opt/airflow/dags/NBAPlayer_Preference_DAG.py took 0.483 seconds
[2025-07-28T00:19:35.068+0000] {processor.py:153} INFO - Started process (PID=1130) to work on /opt/airflow/dags/NBAPlayer_Preference_DAG.py
[2025-07-28T00:19:35.069+0000] {processor.py:640} INFO - Processing file /opt/airflow/dags/NBAPlayer_Preference_DAG.py for tasks to queue
[2025-07-28T00:19:35.070+0000] {logging_mixin.py:115} INFO - [2025-07-28T00:19:35.070+0000] {dagbag.py:508} INFO - Filling up the DagBag from /opt/airflow/dags/NBAPlayer_Preference_DAG.py
[2025-07-28T00:19:35.391+0000] {processor.py:650} INFO - DAG(s) dict_keys(['NBAPlayer_Preference_DAG']) retrieved from /opt/airflow/dags/NBAPlayer_Preference_DAG.py
[2025-07-28T00:19:35.404+0000] {logging_mixin.py:115} INFO - [2025-07-28T00:19:35.404+0000] {dag.py:2429} INFO - Sync 1 DAGs
[2025-07-28T00:19:35.416+0000] {logging_mixin.py:115} INFO - [2025-07-28T00:19:35.415+0000] {dag.py:2981} INFO - Setting next_dagrun for NBAPlayer_Preference_DAG to 2025-07-26T09:30:00+00:00, run_after=2025-08-02T09:10:00+00:00
[2025-07-28T00:19:35.420+0000] {processor.py:161} INFO - Processing /opt/airflow/dags/NBAPlayer_Preference_DAG.py took 0.360 seconds
[2025-07-28T00:20:05.641+0000] {processor.py:153} INFO - Started process (PID=1136) to work on /opt/airflow/dags/NBAPlayer_Preference_DAG.py
[2025-07-28T00:20:05.642+0000] {processor.py:640} INFO - Processing file /opt/airflow/dags/NBAPlayer_Preference_DAG.py for tasks to queue
[2025-07-28T00:20:05.643+0000] {logging_mixin.py:115} INFO - [2025-07-28T00:20:05.643+0000] {dagbag.py:508} INFO - Filling up the DagBag from /opt/airflow/dags/NBAPlayer_Preference_DAG.py
[2025-07-28T00:20:06.029+0000] {processor.py:650} INFO - DAG(s) dict_keys(['NBAPlayer_Preference_DAG']) retrieved from /opt/airflow/dags/NBAPlayer_Preference_DAG.py
[2025-07-28T00:20:06.049+0000] {logging_mixin.py:115} INFO - [2025-07-28T00:20:06.049+0000] {dag.py:2429} INFO - Sync 1 DAGs
[2025-07-28T00:20:06.059+0000] {logging_mixin.py:115} INFO - [2025-07-28T00:20:06.059+0000] {dag.py:2981} INFO - Setting next_dagrun for NBAPlayer_Preference_DAG to 2025-07-26T09:30:00+00:00, run_after=2025-08-02T09:10:00+00:00
[2025-07-28T00:20:06.065+0000] {processor.py:161} INFO - Processing /opt/airflow/dags/NBAPlayer_Preference_DAG.py took 0.433 seconds
